distributed.nanny - INFO -         Start Nanny at: 'tcp://10.255.34.186:44769'
distributed.nanny - INFO -         Start Nanny at: 'tcp://10.255.34.186:38418'
distributed.nanny - INFO -         Start Nanny at: 'tcp://10.255.34.186:33232'
distributed.nanny - INFO -         Start Nanny at: 'tcp://10.255.34.186:34158'
distributed.nanny - INFO -         Start Nanny at: 'tcp://10.255.34.186:39825'
distributed.nanny - INFO -         Start Nanny at: 'tcp://10.255.34.186:36016'
distributed.nanny - INFO -         Start Nanny at: 'tcp://10.255.34.186:45584'
distributed.nanny - INFO -         Start Nanny at: 'tcp://10.255.34.186:43473'
distributed.worker - INFO -       Start worker at:  tcp://10.255.34.186:34855
distributed.worker - INFO -          Listening to:  tcp://10.255.34.186:34855
distributed.worker - INFO -          dashboard at:        10.255.34.186:46298
distributed.worker - INFO - Waiting to connect to:   tcp://10.255.32.50:35106
distributed.worker - INFO - -------------------------------------------------
distributed.worker - INFO -               Threads:                          1
distributed.worker - INFO -                Memory:                   96.00 GB
distributed.worker - INFO -       Local Directory: /scratch/dask-worker-space/worker-7u5w7i8e
distributed.worker - INFO - -------------------------------------------------
distributed.worker - INFO -       Start worker at:  tcp://10.255.34.186:45044
distributed.worker - INFO -          Listening to:  tcp://10.255.34.186:45044
distributed.worker - INFO -          dashboard at:        10.255.34.186:44937
distributed.worker - INFO - Waiting to connect to:   tcp://10.255.32.50:35106
distributed.worker - INFO - -------------------------------------------------
distributed.worker - INFO -               Threads:                          1
distributed.worker - INFO -                Memory:                   96.00 GB
distributed.worker - INFO -       Local Directory: /scratch/dask-worker-space/worker-rdwnvfxe
distributed.worker - INFO - -------------------------------------------------
distributed.worker - INFO -       Start worker at:  tcp://10.255.34.186:40567
distributed.worker - INFO -          Listening to:  tcp://10.255.34.186:40567
distributed.worker - INFO -          dashboard at:        10.255.34.186:36838
distributed.worker - INFO - Waiting to connect to:   tcp://10.255.32.50:35106
distributed.worker - INFO - -------------------------------------------------
distributed.worker - INFO -               Threads:                          1
distributed.worker - INFO -                Memory:                   96.00 GB
distributed.worker - INFO -       Local Directory: /scratch/dask-worker-space/worker-7m1prjnu
distributed.worker - INFO -       Start worker at:  tcp://10.255.34.186:40430
distributed.worker - INFO - -------------------------------------------------
distributed.worker - INFO -          Listening to:  tcp://10.255.34.186:40430
distributed.worker - INFO -          dashboard at:        10.255.34.186:43105
distributed.worker - INFO - Waiting to connect to:   tcp://10.255.32.50:35106
distributed.worker - INFO - -------------------------------------------------
distributed.worker - INFO -               Threads:                          1
distributed.worker - INFO -                Memory:                   96.00 GB
distributed.worker - INFO -       Local Directory: /scratch/dask-worker-space/worker-3d4rv5o5
distributed.worker - INFO - -------------------------------------------------
distributed.worker - INFO -       Start worker at:  tcp://10.255.34.186:34336
distributed.worker - INFO -          Listening to:  tcp://10.255.34.186:34336
distributed.worker - INFO -          dashboard at:        10.255.34.186:46274
distributed.worker - INFO - Waiting to connect to:   tcp://10.255.32.50:35106
distributed.worker - INFO - -------------------------------------------------
distributed.worker - INFO -               Threads:                          1
distributed.worker - INFO -                Memory:                   96.00 GB
distributed.worker - INFO -       Local Directory: /scratch/dask-worker-space/worker-ng4kblcd
distributed.worker - INFO - -------------------------------------------------
distributed.worker - INFO -       Start worker at:  tcp://10.255.34.186:33964
distributed.worker - INFO -          Listening to:  tcp://10.255.34.186:33964
distributed.worker - INFO -          dashboard at:        10.255.34.186:42207
distributed.worker - INFO - Waiting to connect to:   tcp://10.255.32.50:35106
distributed.worker - INFO - -------------------------------------------------
distributed.worker - INFO -               Threads:                          1
distributed.worker - INFO -                Memory:                   96.00 GB
distributed.worker - INFO -       Local Directory: /scratch/dask-worker-space/worker-zovb5cgj
distributed.worker - INFO - -------------------------------------------------
distributed.worker - INFO -       Start worker at:  tcp://10.255.34.186:36266
distributed.worker - INFO -          Listening to:  tcp://10.255.34.186:36266
distributed.worker - INFO -          dashboard at:        10.255.34.186:46740
distributed.worker - INFO - Waiting to connect to:   tcp://10.255.32.50:35106
distributed.worker - INFO - -------------------------------------------------
distributed.worker - INFO -               Threads:                          1
distributed.worker - INFO -                Memory:                   96.00 GB
distributed.worker - INFO -       Local Directory: /scratch/dask-worker-space/worker-3ewirvbt
distributed.worker - INFO - -------------------------------------------------
distributed.worker - INFO -       Start worker at:  tcp://10.255.34.186:38429
distributed.worker - INFO -          Listening to:  tcp://10.255.34.186:38429
distributed.worker - INFO -          dashboard at:        10.255.34.186:34651
distributed.worker - INFO - Waiting to connect to:   tcp://10.255.32.50:35106
distributed.worker - INFO - -------------------------------------------------
distributed.worker - INFO -               Threads:                          1
distributed.worker - INFO -                Memory:                   96.00 GB
distributed.worker - INFO -       Local Directory: /scratch/dask-worker-space/worker-hxqcrfvx
distributed.worker - INFO - -------------------------------------------------
distributed.worker - INFO - Waiting to connect to:   tcp://10.255.32.50:35106
Task exception was never retrieved
future: <Task finished coro=<connect.<locals>._() done, defined at /gpfs/exfel/data/scratch/roscar/work/midtools/midtools/.venv/lib64/python3.6/site-packages/distributed/comm/core.py:279> exception=CommClosedError()>
Traceback (most recent call last):
  File "/gpfs/exfel/data/scratch/roscar/work/midtools/midtools/.venv/lib64/python3.6/site-packages/distributed/comm/core.py", line 288, in _
    handshake = await asyncio.wait_for(comm.read(), 1)
  File "/usr/lib64/python3.6/asyncio/tasks.py", line 351, in wait_for
    yield from waiter
concurrent.futures._base.CancelledError

During handling of the above exception, another exception occurred:

Traceback (most recent call last):
  File "/gpfs/exfel/data/scratch/roscar/work/midtools/midtools/.venv/lib64/python3.6/site-packages/distributed/comm/core.py", line 295, in _
    raise CommClosedError()
distributed.comm.core.CommClosedError
distributed.worker - INFO - Waiting to connect to:   tcp://10.255.32.50:35106
Task exception was never retrieved
future: <Task finished coro=<connect.<locals>._() done, defined at /gpfs/exfel/data/scratch/roscar/work/midtools/midtools/.venv/lib64/python3.6/site-packages/distributed/comm/core.py:279> exception=CommClosedError()>
Traceback (most recent call last):
  File "/gpfs/exfel/data/scratch/roscar/work/midtools/midtools/.venv/lib64/python3.6/site-packages/distributed/comm/core.py", line 288, in _
    handshake = await asyncio.wait_for(comm.read(), 1)
  File "/usr/lib64/python3.6/asyncio/tasks.py", line 351, in wait_for
    yield from waiter
concurrent.futures._base.CancelledError

During handling of the above exception, another exception occurred:

Traceback (most recent call last):
  File "/gpfs/exfel/data/scratch/roscar/work/midtools/midtools/.venv/lib64/python3.6/site-packages/distributed/comm/core.py", line 295, in _
    raise CommClosedError()
distributed.comm.core.CommClosedError
distributed.worker - INFO - Waiting to connect to:   tcp://10.255.32.50:35106
distributed.worker - INFO - Waiting to connect to:   tcp://10.255.32.50:35106
Task exception was never retrieved
future: <Task finished coro=<connect.<locals>._() done, defined at /gpfs/exfel/data/scratch/roscar/work/midtools/midtools/.venv/lib64/python3.6/site-packages/distributed/comm/core.py:279> exception=CommClosedError()>
Traceback (most recent call last):
  File "/gpfs/exfel/data/scratch/roscar/work/midtools/midtools/.venv/lib64/python3.6/site-packages/distributed/comm/core.py", line 288, in _
    handshake = await asyncio.wait_for(comm.read(), 1)
  File "/usr/lib64/python3.6/asyncio/tasks.py", line 351, in wait_for
    yield from waiter
concurrent.futures._base.CancelledError

During handling of the above exception, another exception occurred:

Traceback (most recent call last):
  File "/gpfs/exfel/data/scratch/roscar/work/midtools/midtools/.venv/lib64/python3.6/site-packages/distributed/comm/core.py", line 295, in _
    raise CommClosedError()
distributed.comm.core.CommClosedError
Task exception was never retrieved
future: <Task finished coro=<connect.<locals>._() done, defined at /gpfs/exfel/data/scratch/roscar/work/midtools/midtools/.venv/lib64/python3.6/site-packages/distributed/comm/core.py:279> exception=CommClosedError()>
Traceback (most recent call last):
  File "/gpfs/exfel/data/scratch/roscar/work/midtools/midtools/.venv/lib64/python3.6/site-packages/distributed/comm/core.py", line 288, in _
    handshake = await asyncio.wait_for(comm.read(), 1)
  File "/usr/lib64/python3.6/asyncio/tasks.py", line 351, in wait_for
    yield from waiter
concurrent.futures._base.CancelledError

During handling of the above exception, another exception occurred:

Traceback (most recent call last):
  File "/gpfs/exfel/data/scratch/roscar/work/midtools/midtools/.venv/lib64/python3.6/site-packages/distributed/comm/core.py", line 295, in _
    raise CommClosedError()
distributed.comm.core.CommClosedError
distributed.worker - INFO - Waiting to connect to:   tcp://10.255.32.50:35106
Task exception was never retrieved
future: <Task finished coro=<connect.<locals>._() done, defined at /gpfs/exfel/data/scratch/roscar/work/midtools/midtools/.venv/lib64/python3.6/site-packages/distributed/comm/core.py:279> exception=CommClosedError()>
Traceback (most recent call last):
  File "/gpfs/exfel/data/scratch/roscar/work/midtools/midtools/.venv/lib64/python3.6/site-packages/distributed/comm/core.py", line 288, in _
    handshake = await asyncio.wait_for(comm.read(), 1)
  File "/usr/lib64/python3.6/asyncio/tasks.py", line 351, in wait_for
    yield from waiter
concurrent.futures._base.CancelledError

During handling of the above exception, another exception occurred:

Traceback (most recent call last):
  File "/gpfs/exfel/data/scratch/roscar/work/midtools/midtools/.venv/lib64/python3.6/site-packages/distributed/comm/core.py", line 295, in _
    raise CommClosedError()
distributed.comm.core.CommClosedError
distributed.worker - INFO - Waiting to connect to:   tcp://10.255.32.50:35106
Task exception was never retrieved
future: <Task finished coro=<connect.<locals>._() done, defined at /gpfs/exfel/data/scratch/roscar/work/midtools/midtools/.venv/lib64/python3.6/site-packages/distributed/comm/core.py:279> exception=CommClosedError()>
Traceback (most recent call last):
  File "/gpfs/exfel/data/scratch/roscar/work/midtools/midtools/.venv/lib64/python3.6/site-packages/distributed/comm/core.py", line 288, in _
    handshake = await asyncio.wait_for(comm.read(), 1)
  File "/usr/lib64/python3.6/asyncio/tasks.py", line 351, in wait_for
    yield from waiter
concurrent.futures._base.CancelledError

During handling of the above exception, another exception occurred:

Traceback (most recent call last):
  File "/gpfs/exfel/data/scratch/roscar/work/midtools/midtools/.venv/lib64/python3.6/site-packages/distributed/comm/core.py", line 295, in _
    raise CommClosedError()
distributed.comm.core.CommClosedError
distributed.worker - INFO - Waiting to connect to:   tcp://10.255.32.50:35106
Task exception was never retrieved
future: <Task finished coro=<connect.<locals>._() done, defined at /gpfs/exfel/data/scratch/roscar/work/midtools/midtools/.venv/lib64/python3.6/site-packages/distributed/comm/core.py:279> exception=CommClosedError()>
Traceback (most recent call last):
  File "/gpfs/exfel/data/scratch/roscar/work/midtools/midtools/.venv/lib64/python3.6/site-packages/distributed/comm/core.py", line 288, in _
    handshake = await asyncio.wait_for(comm.read(), 1)
  File "/usr/lib64/python3.6/asyncio/tasks.py", line 351, in wait_for
    yield from waiter
concurrent.futures._base.CancelledError

During handling of the above exception, another exception occurred:

Traceback (most recent call last):
  File "/gpfs/exfel/data/scratch/roscar/work/midtools/midtools/.venv/lib64/python3.6/site-packages/distributed/comm/core.py", line 295, in _
    raise CommClosedError()
distributed.comm.core.CommClosedError
distributed.worker - INFO - Waiting to connect to:   tcp://10.255.32.50:35106
Task exception was never retrieved
future: <Task finished coro=<connect.<locals>._() done, defined at /gpfs/exfel/data/scratch/roscar/work/midtools/midtools/.venv/lib64/python3.6/site-packages/distributed/comm/core.py:279> exception=CommClosedError()>
Traceback (most recent call last):
  File "/gpfs/exfel/data/scratch/roscar/work/midtools/midtools/.venv/lib64/python3.6/site-packages/distributed/comm/core.py", line 288, in _
    handshake = await asyncio.wait_for(comm.read(), 1)
  File "/usr/lib64/python3.6/asyncio/tasks.py", line 351, in wait_for
    yield from waiter
concurrent.futures._base.CancelledError

During handling of the above exception, another exception occurred:

Traceback (most recent call last):
  File "/gpfs/exfel/data/scratch/roscar/work/midtools/midtools/.venv/lib64/python3.6/site-packages/distributed/comm/core.py", line 295, in _
    raise CommClosedError()
distributed.comm.core.CommClosedError
distributed.worker - INFO - Waiting to connect to:   tcp://10.255.32.50:35106
Task exception was never retrieved
future: <Task finished coro=<connect.<locals>._() done, defined at /gpfs/exfel/data/scratch/roscar/work/midtools/midtools/.venv/lib64/python3.6/site-packages/distributed/comm/core.py:279> exception=CommClosedError()>
Traceback (most recent call last):
  File "/gpfs/exfel/data/scratch/roscar/work/midtools/midtools/.venv/lib64/python3.6/site-packages/distributed/comm/core.py", line 288, in _
    handshake = await asyncio.wait_for(comm.read(), 1)
  File "/usr/lib64/python3.6/asyncio/tasks.py", line 351, in wait_for
    yield from waiter
concurrent.futures._base.CancelledError

During handling of the above exception, another exception occurred:

Traceback (most recent call last):
  File "/gpfs/exfel/data/scratch/roscar/work/midtools/midtools/.venv/lib64/python3.6/site-packages/distributed/comm/core.py", line 295, in _
    raise CommClosedError()
distributed.comm.core.CommClosedError
distributed.worker - INFO - Waiting to connect to:   tcp://10.255.32.50:35106
Task exception was never retrieved
future: <Task finished coro=<connect.<locals>._() done, defined at /gpfs/exfel/data/scratch/roscar/work/midtools/midtools/.venv/lib64/python3.6/site-packages/distributed/comm/core.py:279> exception=CommClosedError()>
Traceback (most recent call last):
  File "/gpfs/exfel/data/scratch/roscar/work/midtools/midtools/.venv/lib64/python3.6/site-packages/distributed/comm/core.py", line 288, in _
    handshake = await asyncio.wait_for(comm.read(), 1)
  File "/usr/lib64/python3.6/asyncio/tasks.py", line 351, in wait_for
    yield from waiter
concurrent.futures._base.CancelledError

During handling of the above exception, another exception occurred:

Traceback (most recent call last):
  File "/gpfs/exfel/data/scratch/roscar/work/midtools/midtools/.venv/lib64/python3.6/site-packages/distributed/comm/core.py", line 295, in _
    raise CommClosedError()
distributed.comm.core.CommClosedError
distributed.worker - INFO - Waiting to connect to:   tcp://10.255.32.50:35106
Task exception was never retrieved
future: <Task finished coro=<connect.<locals>._() done, defined at /gpfs/exfel/data/scratch/roscar/work/midtools/midtools/.venv/lib64/python3.6/site-packages/distributed/comm/core.py:279> exception=CommClosedError()>
Traceback (most recent call last):
  File "/gpfs/exfel/data/scratch/roscar/work/midtools/midtools/.venv/lib64/python3.6/site-packages/distributed/comm/core.py", line 288, in _
    handshake = await asyncio.wait_for(comm.read(), 1)
  File "/usr/lib64/python3.6/asyncio/tasks.py", line 351, in wait_for
    yield from waiter
concurrent.futures._base.CancelledError

During handling of the above exception, another exception occurred:

Traceback (most recent call last):
  File "/gpfs/exfel/data/scratch/roscar/work/midtools/midtools/.venv/lib64/python3.6/site-packages/distributed/comm/core.py", line 295, in _
    raise CommClosedError()
distributed.comm.core.CommClosedError
distributed.worker - INFO - Waiting to connect to:   tcp://10.255.32.50:35106
Task exception was never retrieved
future: <Task finished coro=<connect.<locals>._() done, defined at /gpfs/exfel/data/scratch/roscar/work/midtools/midtools/.venv/lib64/python3.6/site-packages/distributed/comm/core.py:279> exception=CommClosedError()>
Traceback (most recent call last):
  File "/gpfs/exfel/data/scratch/roscar/work/midtools/midtools/.venv/lib64/python3.6/site-packages/distributed/comm/core.py", line 288, in _
    handshake = await asyncio.wait_for(comm.read(), 1)
  File "/usr/lib64/python3.6/asyncio/tasks.py", line 351, in wait_for
    yield from waiter
concurrent.futures._base.CancelledError

During handling of the above exception, another exception occurred:

Traceback (most recent call last):
  File "/gpfs/exfel/data/scratch/roscar/work/midtools/midtools/.venv/lib64/python3.6/site-packages/distributed/comm/core.py", line 295, in _
    raise CommClosedError()
distributed.comm.core.CommClosedError
distributed.worker - INFO - Waiting to connect to:   tcp://10.255.32.50:35106
Task exception was never retrieved
future: <Task finished coro=<connect.<locals>._() done, defined at /gpfs/exfel/data/scratch/roscar/work/midtools/midtools/.venv/lib64/python3.6/site-packages/distributed/comm/core.py:279> exception=CommClosedError()>
Traceback (most recent call last):
  File "/gpfs/exfel/data/scratch/roscar/work/midtools/midtools/.venv/lib64/python3.6/site-packages/distributed/comm/core.py", line 288, in _
    handshake = await asyncio.wait_for(comm.read(), 1)
  File "/usr/lib64/python3.6/asyncio/tasks.py", line 351, in wait_for
    yield from waiter
concurrent.futures._base.CancelledError

During handling of the above exception, another exception occurred:

Traceback (most recent call last):
  File "/gpfs/exfel/data/scratch/roscar/work/midtools/midtools/.venv/lib64/python3.6/site-packages/distributed/comm/core.py", line 295, in _
    raise CommClosedError()
distributed.comm.core.CommClosedError
distributed.worker - INFO - Waiting to connect to:   tcp://10.255.32.50:35106
Task exception was never retrieved
future: <Task finished coro=<connect.<locals>._() done, defined at /gpfs/exfel/data/scratch/roscar/work/midtools/midtools/.venv/lib64/python3.6/site-packages/distributed/comm/core.py:279> exception=CommClosedError()>
Traceback (most recent call last):
  File "/gpfs/exfel/data/scratch/roscar/work/midtools/midtools/.venv/lib64/python3.6/site-packages/distributed/comm/core.py", line 288, in _
    handshake = await asyncio.wait_for(comm.read(), 1)
  File "/usr/lib64/python3.6/asyncio/tasks.py", line 351, in wait_for
    yield from waiter
concurrent.futures._base.CancelledError

During handling of the above exception, another exception occurred:

Traceback (most recent call last):
  File "/gpfs/exfel/data/scratch/roscar/work/midtools/midtools/.venv/lib64/python3.6/site-packages/distributed/comm/core.py", line 295, in _
    raise CommClosedError()
distributed.comm.core.CommClosedError
distributed.worker - INFO - Waiting to connect to:   tcp://10.255.32.50:35106
Task exception was never retrieved
future: <Task finished coro=<connect.<locals>._() done, defined at /gpfs/exfel/data/scratch/roscar/work/midtools/midtools/.venv/lib64/python3.6/site-packages/distributed/comm/core.py:279> exception=CommClosedError()>
Traceback (most recent call last):
  File "/gpfs/exfel/data/scratch/roscar/work/midtools/midtools/.venv/lib64/python3.6/site-packages/distributed/comm/core.py", line 288, in _
    handshake = await asyncio.wait_for(comm.read(), 1)
  File "/usr/lib64/python3.6/asyncio/tasks.py", line 351, in wait_for
    yield from waiter
concurrent.futures._base.CancelledError

During handling of the above exception, another exception occurred:

Traceback (most recent call last):
  File "/gpfs/exfel/data/scratch/roscar/work/midtools/midtools/.venv/lib64/python3.6/site-packages/distributed/comm/core.py", line 295, in _
    raise CommClosedError()
distributed.comm.core.CommClosedError
distributed.worker - INFO - Waiting to connect to:   tcp://10.255.32.50:35106
Task exception was never retrieved
future: <Task finished coro=<connect.<locals>._() done, defined at /gpfs/exfel/data/scratch/roscar/work/midtools/midtools/.venv/lib64/python3.6/site-packages/distributed/comm/core.py:279> exception=CommClosedError()>
Traceback (most recent call last):
  File "/gpfs/exfel/data/scratch/roscar/work/midtools/midtools/.venv/lib64/python3.6/site-packages/distributed/comm/core.py", line 288, in _
    handshake = await asyncio.wait_for(comm.read(), 1)
  File "/usr/lib64/python3.6/asyncio/tasks.py", line 351, in wait_for
    yield from waiter
concurrent.futures._base.CancelledError

During handling of the above exception, another exception occurred:

Traceback (most recent call last):
  File "/gpfs/exfel/data/scratch/roscar/work/midtools/midtools/.venv/lib64/python3.6/site-packages/distributed/comm/core.py", line 295, in _
    raise CommClosedError()
distributed.comm.core.CommClosedError
distributed.worker - INFO - Waiting to connect to:   tcp://10.255.32.50:35106
Task exception was never retrieved
future: <Task finished coro=<connect.<locals>._() done, defined at /gpfs/exfel/data/scratch/roscar/work/midtools/midtools/.venv/lib64/python3.6/site-packages/distributed/comm/core.py:279> exception=CommClosedError()>
Traceback (most recent call last):
  File "/gpfs/exfel/data/scratch/roscar/work/midtools/midtools/.venv/lib64/python3.6/site-packages/distributed/comm/core.py", line 288, in _
    handshake = await asyncio.wait_for(comm.read(), 1)
  File "/usr/lib64/python3.6/asyncio/tasks.py", line 351, in wait_for
    yield from waiter
concurrent.futures._base.CancelledError

During handling of the above exception, another exception occurred:

Traceback (most recent call last):
  File "/gpfs/exfel/data/scratch/roscar/work/midtools/midtools/.venv/lib64/python3.6/site-packages/distributed/comm/core.py", line 295, in _
    raise CommClosedError()
distributed.comm.core.CommClosedError
distributed.worker - INFO - Waiting to connect to:   tcp://10.255.32.50:35106
Task exception was never retrieved
future: <Task finished coro=<connect.<locals>._() done, defined at /gpfs/exfel/data/scratch/roscar/work/midtools/midtools/.venv/lib64/python3.6/site-packages/distributed/comm/core.py:279> exception=CommClosedError()>
Traceback (most recent call last):
  File "/gpfs/exfel/data/scratch/roscar/work/midtools/midtools/.venv/lib64/python3.6/site-packages/distributed/comm/core.py", line 288, in _
    handshake = await asyncio.wait_for(comm.read(), 1)
  File "/usr/lib64/python3.6/asyncio/tasks.py", line 351, in wait_for
    yield from waiter
concurrent.futures._base.CancelledError

During handling of the above exception, another exception occurred:

Traceback (most recent call last):
  File "/gpfs/exfel/data/scratch/roscar/work/midtools/midtools/.venv/lib64/python3.6/site-packages/distributed/comm/core.py", line 295, in _
    raise CommClosedError()
distributed.comm.core.CommClosedError
distributed.worker - INFO - Waiting to connect to:   tcp://10.255.32.50:35106
Task exception was never retrieved
future: <Task finished coro=<connect.<locals>._() done, defined at /gpfs/exfel/data/scratch/roscar/work/midtools/midtools/.venv/lib64/python3.6/site-packages/distributed/comm/core.py:279> exception=CommClosedError()>
Traceback (most recent call last):
  File "/gpfs/exfel/data/scratch/roscar/work/midtools/midtools/.venv/lib64/python3.6/site-packages/distributed/comm/core.py", line 288, in _
    handshake = await asyncio.wait_for(comm.read(), 1)
  File "/usr/lib64/python3.6/asyncio/tasks.py", line 351, in wait_for
    yield from waiter
concurrent.futures._base.CancelledError

During handling of the above exception, another exception occurred:

Traceback (most recent call last):
  File "/gpfs/exfel/data/scratch/roscar/work/midtools/midtools/.venv/lib64/python3.6/site-packages/distributed/comm/core.py", line 295, in _
    raise CommClosedError()
distributed.comm.core.CommClosedError
distributed.worker - INFO - Waiting to connect to:   tcp://10.255.32.50:35106
Task exception was never retrieved
future: <Task finished coro=<connect.<locals>._() done, defined at /gpfs/exfel/data/scratch/roscar/work/midtools/midtools/.venv/lib64/python3.6/site-packages/distributed/comm/core.py:279> exception=CommClosedError()>
Traceback (most recent call last):
  File "/gpfs/exfel/data/scratch/roscar/work/midtools/midtools/.venv/lib64/python3.6/site-packages/distributed/comm/core.py", line 288, in _
    handshake = await asyncio.wait_for(comm.read(), 1)
  File "/usr/lib64/python3.6/asyncio/tasks.py", line 351, in wait_for
    yield from waiter
concurrent.futures._base.CancelledError

During handling of the above exception, another exception occurred:

Traceback (most recent call last):
  File "/gpfs/exfel/data/scratch/roscar/work/midtools/midtools/.venv/lib64/python3.6/site-packages/distributed/comm/core.py", line 295, in _
    raise CommClosedError()
distributed.comm.core.CommClosedError
distributed.worker - INFO - Waiting to connect to:   tcp://10.255.32.50:35106
Task exception was never retrieved
future: <Task finished coro=<connect.<locals>._() done, defined at /gpfs/exfel/data/scratch/roscar/work/midtools/midtools/.venv/lib64/python3.6/site-packages/distributed/comm/core.py:279> exception=CommClosedError()>
Traceback (most recent call last):
  File "/gpfs/exfel/data/scratch/roscar/work/midtools/midtools/.venv/lib64/python3.6/site-packages/distributed/comm/core.py", line 288, in _
    handshake = await asyncio.wait_for(comm.read(), 1)
  File "/usr/lib64/python3.6/asyncio/tasks.py", line 351, in wait_for
    yield from waiter
concurrent.futures._base.CancelledError

During handling of the above exception, another exception occurred:

Traceback (most recent call last):
  File "/gpfs/exfel/data/scratch/roscar/work/midtools/midtools/.venv/lib64/python3.6/site-packages/distributed/comm/core.py", line 295, in _
    raise CommClosedError()
distributed.comm.core.CommClosedError
distributed.worker - INFO - Waiting to connect to:   tcp://10.255.32.50:35106
Task exception was never retrieved
future: <Task finished coro=<connect.<locals>._() done, defined at /gpfs/exfel/data/scratch/roscar/work/midtools/midtools/.venv/lib64/python3.6/site-packages/distributed/comm/core.py:279> exception=CommClosedError()>
Traceback (most recent call last):
  File "/gpfs/exfel/data/scratch/roscar/work/midtools/midtools/.venv/lib64/python3.6/site-packages/distributed/comm/core.py", line 288, in _
    handshake = await asyncio.wait_for(comm.read(), 1)
  File "/usr/lib64/python3.6/asyncio/tasks.py", line 351, in wait_for
    yield from waiter
concurrent.futures._base.CancelledError

During handling of the above exception, another exception occurred:

Traceback (most recent call last):
  File "/gpfs/exfel/data/scratch/roscar/work/midtools/midtools/.venv/lib64/python3.6/site-packages/distributed/comm/core.py", line 295, in _
    raise CommClosedError()
distributed.comm.core.CommClosedError
distributed.worker - INFO - Waiting to connect to:   tcp://10.255.32.50:35106
Task exception was never retrieved
future: <Task finished coro=<connect.<locals>._() done, defined at /gpfs/exfel/data/scratch/roscar/work/midtools/midtools/.venv/lib64/python3.6/site-packages/distributed/comm/core.py:279> exception=CommClosedError()>
Traceback (most recent call last):
  File "/gpfs/exfel/data/scratch/roscar/work/midtools/midtools/.venv/lib64/python3.6/site-packages/distributed/comm/core.py", line 288, in _
    handshake = await asyncio.wait_for(comm.read(), 1)
  File "/usr/lib64/python3.6/asyncio/tasks.py", line 351, in wait_for
    yield from waiter
concurrent.futures._base.CancelledError

During handling of the above exception, another exception occurred:

Traceback (most recent call last):
  File "/gpfs/exfel/data/scratch/roscar/work/midtools/midtools/.venv/lib64/python3.6/site-packages/distributed/comm/core.py", line 295, in _
    raise CommClosedError()
distributed.comm.core.CommClosedError
distributed.worker - INFO - Waiting to connect to:   tcp://10.255.32.50:35106
Task exception was never retrieved
future: <Task finished coro=<connect.<locals>._() done, defined at /gpfs/exfel/data/scratch/roscar/work/midtools/midtools/.venv/lib64/python3.6/site-packages/distributed/comm/core.py:279> exception=CommClosedError()>
Traceback (most recent call last):
  File "/gpfs/exfel/data/scratch/roscar/work/midtools/midtools/.venv/lib64/python3.6/site-packages/distributed/comm/core.py", line 288, in _
    handshake = await asyncio.wait_for(comm.read(), 1)
  File "/usr/lib64/python3.6/asyncio/tasks.py", line 351, in wait_for
    yield from waiter
concurrent.futures._base.CancelledError

During handling of the above exception, another exception occurred:

Traceback (most recent call last):
  File "/gpfs/exfel/data/scratch/roscar/work/midtools/midtools/.venv/lib64/python3.6/site-packages/distributed/comm/core.py", line 295, in _
    raise CommClosedError()
distributed.comm.core.CommClosedError
distributed.worker - INFO - Waiting to connect to:   tcp://10.255.32.50:35106
distributed.worker - INFO - Waiting to connect to:   tcp://10.255.32.50:35106
distributed.worker - INFO - Waiting to connect to:   tcp://10.255.32.50:35106
distributed.worker - INFO - Waiting to connect to:   tcp://10.255.32.50:35106
distributed.worker - INFO - Waiting to connect to:   tcp://10.255.32.50:35106
distributed.worker - INFO - Waiting to connect to:   tcp://10.255.32.50:35106
distributed.worker - INFO - Waiting to connect to:   tcp://10.255.32.50:35106
distributed.worker - INFO - Waiting to connect to:   tcp://10.255.32.50:35106
distributed.worker - INFO - Waiting to connect to:   tcp://10.255.32.50:35106
distributed.worker - INFO - Waiting to connect to:   tcp://10.255.32.50:35106
distributed.worker - INFO - Waiting to connect to:   tcp://10.255.32.50:35106
distributed.worker - INFO - Waiting to connect to:   tcp://10.255.32.50:35106
distributed.worker - INFO - Waiting to connect to:   tcp://10.255.32.50:35106
distributed.worker - INFO - Waiting to connect to:   tcp://10.255.32.50:35106
distributed.worker - INFO - Waiting to connect to:   tcp://10.255.32.50:35106
distributed.worker - INFO - Waiting to connect to:   tcp://10.255.32.50:35106
distributed.worker - INFO - Waiting to connect to:   tcp://10.255.32.50:35106
distributed.worker - INFO - Waiting to connect to:   tcp://10.255.32.50:35106
distributed.worker - INFO - Waiting to connect to:   tcp://10.255.32.50:35106
distributed.worker - INFO - Waiting to connect to:   tcp://10.255.32.50:35106
distributed.worker - INFO - Waiting to connect to:   tcp://10.255.32.50:35106
distributed.worker - INFO - Waiting to connect to:   tcp://10.255.32.50:35106
distributed.worker - INFO - Waiting to connect to:   tcp://10.255.32.50:35106
distributed.worker - INFO - Waiting to connect to:   tcp://10.255.32.50:35106
Task exception was never retrieved
future: <Task finished coro=<connect.<locals>._() done, defined at /gpfs/exfel/data/scratch/roscar/work/midtools/midtools/.venv/lib64/python3.6/site-packages/distributed/comm/core.py:279> exception=CommClosedError()>
Traceback (most recent call last):
  File "/gpfs/exfel/data/scratch/roscar/work/midtools/midtools/.venv/lib64/python3.6/site-packages/distributed/comm/core.py", line 288, in _
    handshake = await asyncio.wait_for(comm.read(), 1)
  File "/usr/lib64/python3.6/asyncio/tasks.py", line 351, in wait_for
    yield from waiter
concurrent.futures._base.CancelledError

During handling of the above exception, another exception occurred:

Traceback (most recent call last):
  File "/gpfs/exfel/data/scratch/roscar/work/midtools/midtools/.venv/lib64/python3.6/site-packages/distributed/comm/core.py", line 295, in _
    raise CommClosedError()
distributed.comm.core.CommClosedError
distributed.worker - INFO - Waiting to connect to:   tcp://10.255.32.50:35106
distributed.worker - INFO - Waiting to connect to:   tcp://10.255.32.50:35106
distributed.worker - INFO - Waiting to connect to:   tcp://10.255.32.50:35106
distributed.worker - INFO - Waiting to connect to:   tcp://10.255.32.50:35106
distributed.worker - INFO - Waiting to connect to:   tcp://10.255.32.50:35106
distributed.worker - INFO - Waiting to connect to:   tcp://10.255.32.50:35106
distributed.worker - INFO - Waiting to connect to:   tcp://10.255.32.50:35106
distributed.worker - INFO - Waiting to connect to:   tcp://10.255.32.50:35106
distributed.worker - INFO - Waiting to connect to:   tcp://10.255.32.50:35106
distributed.worker - INFO - Waiting to connect to:   tcp://10.255.32.50:35106
distributed.worker - INFO - Waiting to connect to:   tcp://10.255.32.50:35106
distributed.worker - INFO - Waiting to connect to:   tcp://10.255.32.50:35106
distributed.worker - INFO - Waiting to connect to:   tcp://10.255.32.50:35106
distributed.worker - INFO - Waiting to connect to:   tcp://10.255.32.50:35106
distributed.worker - INFO - Waiting to connect to:   tcp://10.255.32.50:35106
distributed.worker - INFO - Waiting to connect to:   tcp://10.255.32.50:35106
Task exception was never retrieved
future: <Task finished coro=<connect.<locals>._() done, defined at /gpfs/exfel/data/scratch/roscar/work/midtools/midtools/.venv/lib64/python3.6/site-packages/distributed/comm/core.py:279> exception=CommClosedError()>
Traceback (most recent call last):
  File "/gpfs/exfel/data/scratch/roscar/work/midtools/midtools/.venv/lib64/python3.6/site-packages/distributed/comm/core.py", line 288, in _
    handshake = await asyncio.wait_for(comm.read(), 1)
  File "/usr/lib64/python3.6/asyncio/tasks.py", line 351, in wait_for
    yield from waiter
concurrent.futures._base.CancelledError

During handling of the above exception, another exception occurred:

Traceback (most recent call last):
  File "/gpfs/exfel/data/scratch/roscar/work/midtools/midtools/.venv/lib64/python3.6/site-packages/distributed/comm/core.py", line 295, in _
    raise CommClosedError()
distributed.comm.core.CommClosedError
distributed.worker - INFO - Waiting to connect to:   tcp://10.255.32.50:35106
distributed.worker - INFO - Waiting to connect to:   tcp://10.255.32.50:35106
distributed.worker - INFO - Waiting to connect to:   tcp://10.255.32.50:35106
distributed.worker - INFO - Waiting to connect to:   tcp://10.255.32.50:35106
distributed.worker - INFO - Waiting to connect to:   tcp://10.255.32.50:35106
distributed.worker - INFO - Waiting to connect to:   tcp://10.255.32.50:35106
distributed.worker - INFO - Waiting to connect to:   tcp://10.255.32.50:35106
distributed.worker - INFO - Waiting to connect to:   tcp://10.255.32.50:35106
distributed.worker - INFO - Waiting to connect to:   tcp://10.255.32.50:35106
distributed.worker - INFO - Waiting to connect to:   tcp://10.255.32.50:35106
distributed.worker - INFO - Waiting to connect to:   tcp://10.255.32.50:35106
distributed.worker - INFO - Waiting to connect to:   tcp://10.255.32.50:35106
distributed.worker - INFO - Waiting to connect to:   tcp://10.255.32.50:35106
distributed.worker - INFO - Waiting to connect to:   tcp://10.255.32.50:35106
distributed.worker - INFO - Waiting to connect to:   tcp://10.255.32.50:35106
distributed.worker - INFO - Waiting to connect to:   tcp://10.255.32.50:35106
Task exception was never retrieved
future: <Task finished coro=<connect.<locals>._() done, defined at /gpfs/exfel/data/scratch/roscar/work/midtools/midtools/.venv/lib64/python3.6/site-packages/distributed/comm/core.py:279> exception=CommClosedError()>
Traceback (most recent call last):
  File "/gpfs/exfel/data/scratch/roscar/work/midtools/midtools/.venv/lib64/python3.6/site-packages/distributed/comm/core.py", line 288, in _
    handshake = await asyncio.wait_for(comm.read(), 1)
  File "/usr/lib64/python3.6/asyncio/tasks.py", line 351, in wait_for
    yield from waiter
concurrent.futures._base.CancelledError

During handling of the above exception, another exception occurred:

Traceback (most recent call last):
  File "/gpfs/exfel/data/scratch/roscar/work/midtools/midtools/.venv/lib64/python3.6/site-packages/distributed/comm/core.py", line 295, in _
    raise CommClosedError()
distributed.comm.core.CommClosedError
distributed.worker - INFO - Waiting to connect to:   tcp://10.255.32.50:35106
distributed.worker - INFO - Waiting to connect to:   tcp://10.255.32.50:35106
distributed.worker - INFO - Waiting to connect to:   tcp://10.255.32.50:35106
distributed.worker - INFO - Waiting to connect to:   tcp://10.255.32.50:35106
distributed.worker - INFO - Waiting to connect to:   tcp://10.255.32.50:35106
distributed.worker - INFO - Waiting to connect to:   tcp://10.255.32.50:35106
distributed.worker - INFO - Waiting to connect to:   tcp://10.255.32.50:35106
distributed.worker - INFO - Waiting to connect to:   tcp://10.255.32.50:35106
distributed.worker - INFO - Waiting to connect to:   tcp://10.255.32.50:35106
distributed.worker - INFO - Waiting to connect to:   tcp://10.255.32.50:35106
distributed.worker - INFO - Waiting to connect to:   tcp://10.255.32.50:35106
distributed.worker - INFO - Waiting to connect to:   tcp://10.255.32.50:35106
distributed.worker - INFO - Waiting to connect to:   tcp://10.255.32.50:35106
distributed.worker - INFO - Waiting to connect to:   tcp://10.255.32.50:35106
distributed.worker - INFO - Waiting to connect to:   tcp://10.255.32.50:35106
distributed.worker - INFO - Waiting to connect to:   tcp://10.255.32.50:35106
distributed.worker - INFO - Waiting to connect to:   tcp://10.255.32.50:35106
distributed.worker - INFO - Waiting to connect to:   tcp://10.255.32.50:35106
distributed.worker - INFO - Waiting to connect to:   tcp://10.255.32.50:35106
distributed.worker - INFO - Waiting to connect to:   tcp://10.255.32.50:35106
distributed.worker - INFO - Waiting to connect to:   tcp://10.255.32.50:35106
distributed.worker - INFO - Waiting to connect to:   tcp://10.255.32.50:35106
distributed.worker - INFO - Waiting to connect to:   tcp://10.255.32.50:35106
distributed.worker - INFO - Waiting to connect to:   tcp://10.255.32.50:35106
Task exception was never retrieved
future: <Task finished coro=<connect.<locals>._() done, defined at /gpfs/exfel/data/scratch/roscar/work/midtools/midtools/.venv/lib64/python3.6/site-packages/distributed/comm/core.py:279> exception=CommClosedError()>
Traceback (most recent call last):
  File "/gpfs/exfel/data/scratch/roscar/work/midtools/midtools/.venv/lib64/python3.6/site-packages/distributed/comm/core.py", line 288, in _
    handshake = await asyncio.wait_for(comm.read(), 1)
  File "/usr/lib64/python3.6/asyncio/tasks.py", line 351, in wait_for
    yield from waiter
concurrent.futures._base.CancelledError

During handling of the above exception, another exception occurred:

Traceback (most recent call last):
  File "/gpfs/exfel/data/scratch/roscar/work/midtools/midtools/.venv/lib64/python3.6/site-packages/distributed/comm/core.py", line 295, in _
    raise CommClosedError()
distributed.comm.core.CommClosedError
Task exception was never retrieved
future: <Task finished coro=<connect.<locals>._() done, defined at /gpfs/exfel/data/scratch/roscar/work/midtools/midtools/.venv/lib64/python3.6/site-packages/distributed/comm/core.py:279> exception=CommClosedError()>
Traceback (most recent call last):
  File "/gpfs/exfel/data/scratch/roscar/work/midtools/midtools/.venv/lib64/python3.6/site-packages/distributed/comm/core.py", line 288, in _
    handshake = await asyncio.wait_for(comm.read(), 1)
  File "/usr/lib64/python3.6/asyncio/tasks.py", line 351, in wait_for
    yield from waiter
concurrent.futures._base.CancelledError

During handling of the above exception, another exception occurred:

Traceback (most recent call last):
  File "/gpfs/exfel/data/scratch/roscar/work/midtools/midtools/.venv/lib64/python3.6/site-packages/distributed/comm/core.py", line 295, in _
    raise CommClosedError()
distributed.comm.core.CommClosedError
Task exception was never retrieved
future: <Task finished coro=<connect.<locals>._() done, defined at /gpfs/exfel/data/scratch/roscar/work/midtools/midtools/.venv/lib64/python3.6/site-packages/distributed/comm/core.py:279> exception=CommClosedError()>
Traceback (most recent call last):
  File "/gpfs/exfel/data/scratch/roscar/work/midtools/midtools/.venv/lib64/python3.6/site-packages/distributed/comm/core.py", line 288, in _
    handshake = await asyncio.wait_for(comm.read(), 1)
  File "/usr/lib64/python3.6/asyncio/tasks.py", line 351, in wait_for
    yield from waiter
concurrent.futures._base.CancelledError

During handling of the above exception, another exception occurred:

Traceback (most recent call last):
  File "/gpfs/exfel/data/scratch/roscar/work/midtools/midtools/.venv/lib64/python3.6/site-packages/distributed/comm/core.py", line 295, in _
    raise CommClosedError()
distributed.comm.core.CommClosedError
Task exception was never retrieved
future: <Task finished coro=<connect.<locals>._() done, defined at /gpfs/exfel/data/scratch/roscar/work/midtools/midtools/.venv/lib64/python3.6/site-packages/distributed/comm/core.py:279> exception=CommClosedError()>
Traceback (most recent call last):
  File "/gpfs/exfel/data/scratch/roscar/work/midtools/midtools/.venv/lib64/python3.6/site-packages/distributed/comm/core.py", line 288, in _
    handshake = await asyncio.wait_for(comm.read(), 1)
  File "/usr/lib64/python3.6/asyncio/tasks.py", line 351, in wait_for
    yield from waiter
concurrent.futures._base.CancelledError

During handling of the above exception, another exception occurred:

Traceback (most recent call last):
  File "/gpfs/exfel/data/scratch/roscar/work/midtools/midtools/.venv/lib64/python3.6/site-packages/distributed/comm/core.py", line 295, in _
    raise CommClosedError()
distributed.comm.core.CommClosedError
Task exception was never retrieved
future: <Task finished coro=<connect.<locals>._() done, defined at /gpfs/exfel/data/scratch/roscar/work/midtools/midtools/.venv/lib64/python3.6/site-packages/distributed/comm/core.py:279> exception=CommClosedError()>
Traceback (most recent call last):
  File "/gpfs/exfel/data/scratch/roscar/work/midtools/midtools/.venv/lib64/python3.6/site-packages/distributed/comm/core.py", line 288, in _
    handshake = await asyncio.wait_for(comm.read(), 1)
  File "/usr/lib64/python3.6/asyncio/tasks.py", line 351, in wait_for
    yield from waiter
concurrent.futures._base.CancelledError

During handling of the above exception, another exception occurred:

Traceback (most recent call last):
  File "/gpfs/exfel/data/scratch/roscar/work/midtools/midtools/.venv/lib64/python3.6/site-packages/distributed/comm/core.py", line 295, in _
    raise CommClosedError()
distributed.comm.core.CommClosedError
Task exception was never retrieved
future: <Task finished coro=<connect.<locals>._() done, defined at /gpfs/exfel/data/scratch/roscar/work/midtools/midtools/.venv/lib64/python3.6/site-packages/distributed/comm/core.py:279> exception=CommClosedError()>
Traceback (most recent call last):
  File "/gpfs/exfel/data/scratch/roscar/work/midtools/midtools/.venv/lib64/python3.6/site-packages/distributed/comm/core.py", line 288, in _
    handshake = await asyncio.wait_for(comm.read(), 1)
  File "/usr/lib64/python3.6/asyncio/tasks.py", line 351, in wait_for
    yield from waiter
concurrent.futures._base.CancelledError

During handling of the above exception, another exception occurred:

Traceback (most recent call last):
  File "/gpfs/exfel/data/scratch/roscar/work/midtools/midtools/.venv/lib64/python3.6/site-packages/distributed/comm/core.py", line 295, in _
    raise CommClosedError()
distributed.comm.core.CommClosedError
Task exception was never retrieved
future: <Task finished coro=<connect.<locals>._() done, defined at /gpfs/exfel/data/scratch/roscar/work/midtools/midtools/.venv/lib64/python3.6/site-packages/distributed/comm/core.py:279> exception=CommClosedError()>
Traceback (most recent call last):
  File "/gpfs/exfel/data/scratch/roscar/work/midtools/midtools/.venv/lib64/python3.6/site-packages/distributed/comm/core.py", line 288, in _
    handshake = await asyncio.wait_for(comm.read(), 1)
  File "/usr/lib64/python3.6/asyncio/tasks.py", line 351, in wait_for
    yield from waiter
concurrent.futures._base.CancelledError

During handling of the above exception, another exception occurred:

Traceback (most recent call last):
  File "/gpfs/exfel/data/scratch/roscar/work/midtools/midtools/.venv/lib64/python3.6/site-packages/distributed/comm/core.py", line 295, in _
    raise CommClosedError()
distributed.comm.core.CommClosedError
Task exception was never retrieved
future: <Task finished coro=<connect.<locals>._() done, defined at /gpfs/exfel/data/scratch/roscar/work/midtools/midtools/.venv/lib64/python3.6/site-packages/distributed/comm/core.py:279> exception=CommClosedError()>
Traceback (most recent call last):
  File "/gpfs/exfel/data/scratch/roscar/work/midtools/midtools/.venv/lib64/python3.6/site-packages/distributed/comm/core.py", line 288, in _
    handshake = await asyncio.wait_for(comm.read(), 1)
  File "/usr/lib64/python3.6/asyncio/tasks.py", line 351, in wait_for
    yield from waiter
concurrent.futures._base.CancelledError

During handling of the above exception, another exception occurred:

Traceback (most recent call last):
  File "/gpfs/exfel/data/scratch/roscar/work/midtools/midtools/.venv/lib64/python3.6/site-packages/distributed/comm/core.py", line 295, in _
    raise CommClosedError()
distributed.comm.core.CommClosedError
distributed.worker - INFO - Waiting to connect to:   tcp://10.255.32.50:35106
distributed.worker - INFO - Waiting to connect to:   tcp://10.255.32.50:35106
Task exception was never retrieved
future: <Task finished coro=<connect.<locals>._() done, defined at /gpfs/exfel/data/scratch/roscar/work/midtools/midtools/.venv/lib64/python3.6/site-packages/distributed/comm/core.py:279> exception=CommClosedError()>
Traceback (most recent call last):
  File "/gpfs/exfel/data/scratch/roscar/work/midtools/midtools/.venv/lib64/python3.6/site-packages/distributed/comm/core.py", line 288, in _
    handshake = await asyncio.wait_for(comm.read(), 1)
  File "/usr/lib64/python3.6/asyncio/tasks.py", line 351, in wait_for
    yield from waiter
concurrent.futures._base.CancelledError

During handling of the above exception, another exception occurred:

Traceback (most recent call last):
  File "/gpfs/exfel/data/scratch/roscar/work/midtools/midtools/.venv/lib64/python3.6/site-packages/distributed/comm/core.py", line 295, in _
    raise CommClosedError()
distributed.comm.core.CommClosedError
distributed.worker - INFO - Waiting to connect to:   tcp://10.255.32.50:35106
Task exception was never retrieved
future: <Task finished coro=<connect.<locals>._() done, defined at /gpfs/exfel/data/scratch/roscar/work/midtools/midtools/.venv/lib64/python3.6/site-packages/distributed/comm/core.py:279> exception=CommClosedError()>
Traceback (most recent call last):
  File "/gpfs/exfel/data/scratch/roscar/work/midtools/midtools/.venv/lib64/python3.6/site-packages/distributed/comm/core.py", line 288, in _
    handshake = await asyncio.wait_for(comm.read(), 1)
  File "/usr/lib64/python3.6/asyncio/tasks.py", line 351, in wait_for
    yield from waiter
concurrent.futures._base.CancelledError

During handling of the above exception, another exception occurred:

Traceback (most recent call last):
  File "/gpfs/exfel/data/scratch/roscar/work/midtools/midtools/.venv/lib64/python3.6/site-packages/distributed/comm/core.py", line 295, in _
    raise CommClosedError()
distributed.comm.core.CommClosedError
distributed.worker - INFO - Waiting to connect to:   tcp://10.255.32.50:35106
Task exception was never retrieved
future: <Task finished coro=<connect.<locals>._() done, defined at /gpfs/exfel/data/scratch/roscar/work/midtools/midtools/.venv/lib64/python3.6/site-packages/distributed/comm/core.py:279> exception=CommClosedError()>
Traceback (most recent call last):
  File "/gpfs/exfel/data/scratch/roscar/work/midtools/midtools/.venv/lib64/python3.6/site-packages/distributed/comm/core.py", line 288, in _
    handshake = await asyncio.wait_for(comm.read(), 1)
  File "/usr/lib64/python3.6/asyncio/tasks.py", line 351, in wait_for
    yield from waiter
concurrent.futures._base.CancelledError

During handling of the above exception, another exception occurred:

Traceback (most recent call last):
  File "/gpfs/exfel/data/scratch/roscar/work/midtools/midtools/.venv/lib64/python3.6/site-packages/distributed/comm/core.py", line 295, in _
    raise CommClosedError()
distributed.comm.core.CommClosedError
distributed.worker - INFO - Waiting to connect to:   tcp://10.255.32.50:35106
Task exception was never retrieved
future: <Task finished coro=<connect.<locals>._() done, defined at /gpfs/exfel/data/scratch/roscar/work/midtools/midtools/.venv/lib64/python3.6/site-packages/distributed/comm/core.py:279> exception=CommClosedError()>
Traceback (most recent call last):
  File "/gpfs/exfel/data/scratch/roscar/work/midtools/midtools/.venv/lib64/python3.6/site-packages/distributed/comm/core.py", line 288, in _
    handshake = await asyncio.wait_for(comm.read(), 1)
  File "/usr/lib64/python3.6/asyncio/tasks.py", line 351, in wait_for
    yield from waiter
concurrent.futures._base.CancelledError

During handling of the above exception, another exception occurred:

Traceback (most recent call last):
  File "/gpfs/exfel/data/scratch/roscar/work/midtools/midtools/.venv/lib64/python3.6/site-packages/distributed/comm/core.py", line 295, in _
    raise CommClosedError()
distributed.comm.core.CommClosedError
distributed.worker - INFO - Waiting to connect to:   tcp://10.255.32.50:35106
Task exception was never retrieved
future: <Task finished coro=<connect.<locals>._() done, defined at /gpfs/exfel/data/scratch/roscar/work/midtools/midtools/.venv/lib64/python3.6/site-packages/distributed/comm/core.py:279> exception=CommClosedError()>
Traceback (most recent call last):
  File "/gpfs/exfel/data/scratch/roscar/work/midtools/midtools/.venv/lib64/python3.6/site-packages/distributed/comm/core.py", line 288, in _
    handshake = await asyncio.wait_for(comm.read(), 1)
  File "/usr/lib64/python3.6/asyncio/tasks.py", line 351, in wait_for
    yield from waiter
concurrent.futures._base.CancelledError

During handling of the above exception, another exception occurred:

Traceback (most recent call last):
  File "/gpfs/exfel/data/scratch/roscar/work/midtools/midtools/.venv/lib64/python3.6/site-packages/distributed/comm/core.py", line 295, in _
    raise CommClosedError()
distributed.comm.core.CommClosedError
distributed.worker - INFO - Waiting to connect to:   tcp://10.255.32.50:35106
Task exception was never retrieved
future: <Task finished coro=<connect.<locals>._() done, defined at /gpfs/exfel/data/scratch/roscar/work/midtools/midtools/.venv/lib64/python3.6/site-packages/distributed/comm/core.py:279> exception=CommClosedError()>
Traceback (most recent call last):
  File "/gpfs/exfel/data/scratch/roscar/work/midtools/midtools/.venv/lib64/python3.6/site-packages/distributed/comm/core.py", line 288, in _
    handshake = await asyncio.wait_for(comm.read(), 1)
  File "/usr/lib64/python3.6/asyncio/tasks.py", line 351, in wait_for
    yield from waiter
concurrent.futures._base.CancelledError

During handling of the above exception, another exception occurred:

Traceback (most recent call last):
  File "/gpfs/exfel/data/scratch/roscar/work/midtools/midtools/.venv/lib64/python3.6/site-packages/distributed/comm/core.py", line 295, in _
    raise CommClosedError()
distributed.comm.core.CommClosedError
distributed.worker - INFO - Waiting to connect to:   tcp://10.255.32.50:35106
Task exception was never retrieved
future: <Task finished coro=<connect.<locals>._() done, defined at /gpfs/exfel/data/scratch/roscar/work/midtools/midtools/.venv/lib64/python3.6/site-packages/distributed/comm/core.py:279> exception=CommClosedError()>
Traceback (most recent call last):
  File "/gpfs/exfel/data/scratch/roscar/work/midtools/midtools/.venv/lib64/python3.6/site-packages/distributed/comm/core.py", line 288, in _
    handshake = await asyncio.wait_for(comm.read(), 1)
  File "/usr/lib64/python3.6/asyncio/tasks.py", line 351, in wait_for
    yield from waiter
concurrent.futures._base.CancelledError

During handling of the above exception, another exception occurred:

Traceback (most recent call last):
  File "/gpfs/exfel/data/scratch/roscar/work/midtools/midtools/.venv/lib64/python3.6/site-packages/distributed/comm/core.py", line 295, in _
    raise CommClosedError()
distributed.comm.core.CommClosedError
distributed.worker - INFO -         Registered to:   tcp://10.255.32.50:35106
distributed.worker - INFO - -------------------------------------------------
distributed.worker - INFO -         Registered to:   tcp://10.255.32.50:35106
distributed.worker - INFO - -------------------------------------------------
distributed.core - INFO - Starting established connection
distributed.core - INFO - Starting established connection
distributed.worker - INFO -         Registered to:   tcp://10.255.32.50:35106
distributed.worker - INFO - -------------------------------------------------
distributed.core - INFO - Starting established connection
distributed.worker - INFO -         Registered to:   tcp://10.255.32.50:35106
distributed.worker - INFO - -------------------------------------------------
distributed.worker - INFO -         Registered to:   tcp://10.255.32.50:35106
distributed.worker - INFO - -------------------------------------------------
distributed.core - INFO - Starting established connection
distributed.core - INFO - Starting established connection
distributed.worker - INFO -         Registered to:   tcp://10.255.32.50:35106
distributed.worker - INFO - -------------------------------------------------
distributed.worker - INFO -         Registered to:   tcp://10.255.32.50:35106
distributed.core - INFO - Starting established connection
distributed.worker - INFO - -------------------------------------------------
distributed.core - INFO - Starting established connection
distributed.worker - INFO -         Registered to:   tcp://10.255.32.50:35106
distributed.worker - INFO - -------------------------------------------------
distributed.core - INFO - Starting established connection
slurmstepd: error: *** JOB 5318291 ON max-exfl260 CANCELLED AT 2020-08-19T17:08:38 ***
distributed.dask_worker - INFO - Exiting on signal 15
distributed.nanny - INFO - Closing Nanny at 'tcp://10.255.34.186:43473'
distributed.nanny - INFO - Closing Nanny at 'tcp://10.255.34.186:36016'
distributed.nanny - INFO - Closing Nanny at 'tcp://10.255.34.186:34158'
distributed.nanny - INFO - Closing Nanny at 'tcp://10.255.34.186:33232'
distributed.nanny - INFO - Closing Nanny at 'tcp://10.255.34.186:39825'
distributed.nanny - INFO - Closing Nanny at 'tcp://10.255.34.186:45584'
distributed.nanny - INFO - Closing Nanny at 'tcp://10.255.34.186:38418'
distributed.nanny - INFO - Closing Nanny at 'tcp://10.255.34.186:44769'
distributed.nanny - INFO - Worker process 232656 was killed by signal 15
distributed.nanny - INFO - Worker process 232651 was killed by signal 15
distributed.nanny - INFO - Worker process 232653 was killed by signal 15
distributed.nanny - INFO - Worker process 232644 was killed by signal 15
distributed.nanny - INFO - Worker process 232659 was killed by signal 15
distributed.nanny - INFO - Worker process 232646 was killed by signal 15
