distributed.nanny - INFO -         Start Nanny at: 'tcp://10.255.34.186:38713'
distributed.nanny - INFO -         Start Nanny at: 'tcp://10.255.34.186:46790'
distributed.worker - INFO -       Start worker at:  tcp://10.255.34.186:37691
distributed.worker - INFO -          Listening to:  tcp://10.255.34.186:37691
distributed.worker - INFO -          dashboard at:        10.255.34.186:36058
distributed.worker - INFO - Waiting to connect to:   tcp://10.255.32.50:37411
distributed.worker - INFO - -------------------------------------------------
distributed.worker - INFO -               Threads:                          1
distributed.worker - INFO -                Memory:                  384.00 GB
distributed.worker - INFO -       Local Directory: /scratch/dask-worker-space/worker-nje0gwlm
distributed.worker - INFO - -------------------------------------------------
distributed.worker - INFO -       Start worker at:  tcp://10.255.34.186:35613
distributed.worker - INFO -          Listening to:  tcp://10.255.34.186:35613
distributed.worker - INFO -          dashboard at:        10.255.34.186:34612
distributed.worker - INFO - Waiting to connect to:   tcp://10.255.32.50:37411
distributed.worker - INFO - -------------------------------------------------
distributed.worker - INFO -               Threads:                          1
distributed.worker - INFO -                Memory:                  384.00 GB
distributed.worker - INFO -       Local Directory: /scratch/dask-worker-space/worker-zn2dtku6
distributed.worker - INFO - -------------------------------------------------
distributed.worker - INFO - Waiting to connect to:   tcp://10.255.32.50:37411
Task exception was never retrieved
future: <Task finished coro=<connect.<locals>._() done, defined at /gpfs/exfel/data/scratch/roscar/work/midtools/midtools/.venv/lib64/python3.6/site-packages/distributed/comm/core.py:279> exception=CommClosedError()>
Traceback (most recent call last):
  File "/gpfs/exfel/data/scratch/roscar/work/midtools/midtools/.venv/lib64/python3.6/site-packages/distributed/comm/core.py", line 288, in _
    handshake = await asyncio.wait_for(comm.read(), 1)
  File "/usr/lib64/python3.6/asyncio/tasks.py", line 351, in wait_for
    yield from waiter
concurrent.futures._base.CancelledError

During handling of the above exception, another exception occurred:

Traceback (most recent call last):
  File "/gpfs/exfel/data/scratch/roscar/work/midtools/midtools/.venv/lib64/python3.6/site-packages/distributed/comm/core.py", line 295, in _
    raise CommClosedError()
distributed.comm.core.CommClosedError
distributed.worker - INFO - Waiting to connect to:   tcp://10.255.32.50:37411
Task exception was never retrieved
future: <Task finished coro=<connect.<locals>._() done, defined at /gpfs/exfel/data/scratch/roscar/work/midtools/midtools/.venv/lib64/python3.6/site-packages/distributed/comm/core.py:279> exception=CommClosedError()>
Traceback (most recent call last):
  File "/gpfs/exfel/data/scratch/roscar/work/midtools/midtools/.venv/lib64/python3.6/site-packages/distributed/comm/core.py", line 288, in _
    handshake = await asyncio.wait_for(comm.read(), 1)
  File "/usr/lib64/python3.6/asyncio/tasks.py", line 351, in wait_for
    yield from waiter
concurrent.futures._base.CancelledError

During handling of the above exception, another exception occurred:

Traceback (most recent call last):
  File "/gpfs/exfel/data/scratch/roscar/work/midtools/midtools/.venv/lib64/python3.6/site-packages/distributed/comm/core.py", line 295, in _
    raise CommClosedError()
distributed.comm.core.CommClosedError
distributed.worker - INFO - Waiting to connect to:   tcp://10.255.32.50:37411
Task exception was never retrieved
future: <Task finished coro=<connect.<locals>._() done, defined at /gpfs/exfel/data/scratch/roscar/work/midtools/midtools/.venv/lib64/python3.6/site-packages/distributed/comm/core.py:279> exception=CommClosedError()>
Traceback (most recent call last):
  File "/gpfs/exfel/data/scratch/roscar/work/midtools/midtools/.venv/lib64/python3.6/site-packages/distributed/comm/core.py", line 288, in _
    handshake = await asyncio.wait_for(comm.read(), 1)
  File "/usr/lib64/python3.6/asyncio/tasks.py", line 351, in wait_for
    yield from waiter
concurrent.futures._base.CancelledError

During handling of the above exception, another exception occurred:

Traceback (most recent call last):
  File "/gpfs/exfel/data/scratch/roscar/work/midtools/midtools/.venv/lib64/python3.6/site-packages/distributed/comm/core.py", line 295, in _
    raise CommClosedError()
distributed.comm.core.CommClosedError
distributed.worker - INFO - Waiting to connect to:   tcp://10.255.32.50:37411
Task exception was never retrieved
future: <Task finished coro=<connect.<locals>._() done, defined at /gpfs/exfel/data/scratch/roscar/work/midtools/midtools/.venv/lib64/python3.6/site-packages/distributed/comm/core.py:279> exception=CommClosedError()>
Traceback (most recent call last):
  File "/gpfs/exfel/data/scratch/roscar/work/midtools/midtools/.venv/lib64/python3.6/site-packages/distributed/comm/core.py", line 288, in _
    handshake = await asyncio.wait_for(comm.read(), 1)
  File "/usr/lib64/python3.6/asyncio/tasks.py", line 351, in wait_for
    yield from waiter
concurrent.futures._base.CancelledError

During handling of the above exception, another exception occurred:

Traceback (most recent call last):
  File "/gpfs/exfel/data/scratch/roscar/work/midtools/midtools/.venv/lib64/python3.6/site-packages/distributed/comm/core.py", line 295, in _
    raise CommClosedError()
distributed.comm.core.CommClosedError
distributed.worker - INFO - Waiting to connect to:   tcp://10.255.32.50:37411
Task exception was never retrieved
future: <Task finished coro=<connect.<locals>._() done, defined at /gpfs/exfel/data/scratch/roscar/work/midtools/midtools/.venv/lib64/python3.6/site-packages/distributed/comm/core.py:279> exception=CommClosedError()>
Traceback (most recent call last):
  File "/gpfs/exfel/data/scratch/roscar/work/midtools/midtools/.venv/lib64/python3.6/site-packages/distributed/comm/core.py", line 288, in _
    handshake = await asyncio.wait_for(comm.read(), 1)
  File "/usr/lib64/python3.6/asyncio/tasks.py", line 351, in wait_for
    yield from waiter
concurrent.futures._base.CancelledError

During handling of the above exception, another exception occurred:

Traceback (most recent call last):
  File "/gpfs/exfel/data/scratch/roscar/work/midtools/midtools/.venv/lib64/python3.6/site-packages/distributed/comm/core.py", line 295, in _
    raise CommClosedError()
distributed.comm.core.CommClosedError
distributed.worker - INFO - Waiting to connect to:   tcp://10.255.32.50:37411
Task exception was never retrieved
future: <Task finished coro=<connect.<locals>._() done, defined at /gpfs/exfel/data/scratch/roscar/work/midtools/midtools/.venv/lib64/python3.6/site-packages/distributed/comm/core.py:279> exception=CommClosedError()>
Traceback (most recent call last):
  File "/gpfs/exfel/data/scratch/roscar/work/midtools/midtools/.venv/lib64/python3.6/site-packages/distributed/comm/core.py", line 288, in _
    handshake = await asyncio.wait_for(comm.read(), 1)
  File "/usr/lib64/python3.6/asyncio/tasks.py", line 351, in wait_for
    yield from waiter
concurrent.futures._base.CancelledError

During handling of the above exception, another exception occurred:

Traceback (most recent call last):
  File "/gpfs/exfel/data/scratch/roscar/work/midtools/midtools/.venv/lib64/python3.6/site-packages/distributed/comm/core.py", line 295, in _
    raise CommClosedError()
distributed.comm.core.CommClosedError
distributed.worker - INFO - Waiting to connect to:   tcp://10.255.32.50:37411
Task exception was never retrieved
future: <Task finished coro=<connect.<locals>._() done, defined at /gpfs/exfel/data/scratch/roscar/work/midtools/midtools/.venv/lib64/python3.6/site-packages/distributed/comm/core.py:279> exception=CommClosedError()>
Traceback (most recent call last):
  File "/gpfs/exfel/data/scratch/roscar/work/midtools/midtools/.venv/lib64/python3.6/site-packages/distributed/comm/core.py", line 288, in _
    handshake = await asyncio.wait_for(comm.read(), 1)
  File "/usr/lib64/python3.6/asyncio/tasks.py", line 351, in wait_for
    yield from waiter
concurrent.futures._base.CancelledError

During handling of the above exception, another exception occurred:

Traceback (most recent call last):
  File "/gpfs/exfel/data/scratch/roscar/work/midtools/midtools/.venv/lib64/python3.6/site-packages/distributed/comm/core.py", line 295, in _
    raise CommClosedError()
distributed.comm.core.CommClosedError
distributed.worker - INFO - Waiting to connect to:   tcp://10.255.32.50:37411
Task exception was never retrieved
future: <Task finished coro=<connect.<locals>._() done, defined at /gpfs/exfel/data/scratch/roscar/work/midtools/midtools/.venv/lib64/python3.6/site-packages/distributed/comm/core.py:279> exception=CommClosedError()>
Traceback (most recent call last):
  File "/gpfs/exfel/data/scratch/roscar/work/midtools/midtools/.venv/lib64/python3.6/site-packages/distributed/comm/core.py", line 288, in _
    handshake = await asyncio.wait_for(comm.read(), 1)
  File "/usr/lib64/python3.6/asyncio/tasks.py", line 351, in wait_for
    yield from waiter
concurrent.futures._base.CancelledError

During handling of the above exception, another exception occurred:

Traceback (most recent call last):
  File "/gpfs/exfel/data/scratch/roscar/work/midtools/midtools/.venv/lib64/python3.6/site-packages/distributed/comm/core.py", line 295, in _
    raise CommClosedError()
distributed.comm.core.CommClosedError
distributed.worker - INFO - Waiting to connect to:   tcp://10.255.32.50:37411
Task exception was never retrieved
future: <Task finished coro=<connect.<locals>._() done, defined at /gpfs/exfel/data/scratch/roscar/work/midtools/midtools/.venv/lib64/python3.6/site-packages/distributed/comm/core.py:279> exception=CommClosedError()>
Traceback (most recent call last):
  File "/gpfs/exfel/data/scratch/roscar/work/midtools/midtools/.venv/lib64/python3.6/site-packages/distributed/comm/core.py", line 288, in _
    handshake = await asyncio.wait_for(comm.read(), 1)
  File "/usr/lib64/python3.6/asyncio/tasks.py", line 351, in wait_for
    yield from waiter
concurrent.futures._base.CancelledError

During handling of the above exception, another exception occurred:

Traceback (most recent call last):
  File "/gpfs/exfel/data/scratch/roscar/work/midtools/midtools/.venv/lib64/python3.6/site-packages/distributed/comm/core.py", line 295, in _
    raise CommClosedError()
distributed.comm.core.CommClosedError
distributed.worker - INFO - Waiting to connect to:   tcp://10.255.32.50:37411
Task exception was never retrieved
future: <Task finished coro=<connect.<locals>._() done, defined at /gpfs/exfel/data/scratch/roscar/work/midtools/midtools/.venv/lib64/python3.6/site-packages/distributed/comm/core.py:279> exception=CommClosedError()>
Traceback (most recent call last):
  File "/gpfs/exfel/data/scratch/roscar/work/midtools/midtools/.venv/lib64/python3.6/site-packages/distributed/comm/core.py", line 288, in _
    handshake = await asyncio.wait_for(comm.read(), 1)
  File "/usr/lib64/python3.6/asyncio/tasks.py", line 351, in wait_for
    yield from waiter
concurrent.futures._base.CancelledError

During handling of the above exception, another exception occurred:

Traceback (most recent call last):
  File "/gpfs/exfel/data/scratch/roscar/work/midtools/midtools/.venv/lib64/python3.6/site-packages/distributed/comm/core.py", line 295, in _
    raise CommClosedError()
distributed.comm.core.CommClosedError
distributed.worker - INFO - Waiting to connect to:   tcp://10.255.32.50:37411
Task exception was never retrieved
future: <Task finished coro=<connect.<locals>._() done, defined at /gpfs/exfel/data/scratch/roscar/work/midtools/midtools/.venv/lib64/python3.6/site-packages/distributed/comm/core.py:279> exception=CommClosedError()>
Traceback (most recent call last):
  File "/gpfs/exfel/data/scratch/roscar/work/midtools/midtools/.venv/lib64/python3.6/site-packages/distributed/comm/core.py", line 288, in _
    handshake = await asyncio.wait_for(comm.read(), 1)
  File "/usr/lib64/python3.6/asyncio/tasks.py", line 351, in wait_for
    yield from waiter
concurrent.futures._base.CancelledError

During handling of the above exception, another exception occurred:

Traceback (most recent call last):
  File "/gpfs/exfel/data/scratch/roscar/work/midtools/midtools/.venv/lib64/python3.6/site-packages/distributed/comm/core.py", line 295, in _
    raise CommClosedError()
distributed.comm.core.CommClosedError
distributed.worker - INFO - Waiting to connect to:   tcp://10.255.32.50:37411
Task exception was never retrieved
future: <Task finished coro=<connect.<locals>._() done, defined at /gpfs/exfel/data/scratch/roscar/work/midtools/midtools/.venv/lib64/python3.6/site-packages/distributed/comm/core.py:279> exception=CommClosedError()>
Traceback (most recent call last):
  File "/gpfs/exfel/data/scratch/roscar/work/midtools/midtools/.venv/lib64/python3.6/site-packages/distributed/comm/core.py", line 288, in _
    handshake = await asyncio.wait_for(comm.read(), 1)
  File "/usr/lib64/python3.6/asyncio/tasks.py", line 351, in wait_for
    yield from waiter
concurrent.futures._base.CancelledError

During handling of the above exception, another exception occurred:

Traceback (most recent call last):
  File "/gpfs/exfel/data/scratch/roscar/work/midtools/midtools/.venv/lib64/python3.6/site-packages/distributed/comm/core.py", line 295, in _
    raise CommClosedError()
distributed.comm.core.CommClosedError
distributed.worker - INFO - Waiting to connect to:   tcp://10.255.32.50:37411
Task exception was never retrieved
future: <Task finished coro=<connect.<locals>._() done, defined at /gpfs/exfel/data/scratch/roscar/work/midtools/midtools/.venv/lib64/python3.6/site-packages/distributed/comm/core.py:279> exception=CommClosedError()>
Traceback (most recent call last):
  File "/gpfs/exfel/data/scratch/roscar/work/midtools/midtools/.venv/lib64/python3.6/site-packages/distributed/comm/core.py", line 288, in _
    handshake = await asyncio.wait_for(comm.read(), 1)
  File "/usr/lib64/python3.6/asyncio/tasks.py", line 351, in wait_for
    yield from waiter
concurrent.futures._base.CancelledError

During handling of the above exception, another exception occurred:

Traceback (most recent call last):
  File "/gpfs/exfel/data/scratch/roscar/work/midtools/midtools/.venv/lib64/python3.6/site-packages/distributed/comm/core.py", line 295, in _
    raise CommClosedError()
distributed.comm.core.CommClosedError
distributed.worker - INFO - Waiting to connect to:   tcp://10.255.32.50:37411
Task exception was never retrieved
future: <Task finished coro=<connect.<locals>._() done, defined at /gpfs/exfel/data/scratch/roscar/work/midtools/midtools/.venv/lib64/python3.6/site-packages/distributed/comm/core.py:279> exception=CommClosedError()>
Traceback (most recent call last):
  File "/gpfs/exfel/data/scratch/roscar/work/midtools/midtools/.venv/lib64/python3.6/site-packages/distributed/comm/core.py", line 288, in _
    handshake = await asyncio.wait_for(comm.read(), 1)
  File "/usr/lib64/python3.6/asyncio/tasks.py", line 351, in wait_for
    yield from waiter
concurrent.futures._base.CancelledError

During handling of the above exception, another exception occurred:

Traceback (most recent call last):
  File "/gpfs/exfel/data/scratch/roscar/work/midtools/midtools/.venv/lib64/python3.6/site-packages/distributed/comm/core.py", line 295, in _
    raise CommClosedError()
distributed.comm.core.CommClosedError
distributed.worker - INFO - Waiting to connect to:   tcp://10.255.32.50:37411
Task exception was never retrieved
future: <Task finished coro=<connect.<locals>._() done, defined at /gpfs/exfel/data/scratch/roscar/work/midtools/midtools/.venv/lib64/python3.6/site-packages/distributed/comm/core.py:279> exception=CommClosedError()>
Traceback (most recent call last):
  File "/gpfs/exfel/data/scratch/roscar/work/midtools/midtools/.venv/lib64/python3.6/site-packages/distributed/comm/core.py", line 288, in _
    handshake = await asyncio.wait_for(comm.read(), 1)
  File "/usr/lib64/python3.6/asyncio/tasks.py", line 351, in wait_for
    yield from waiter
concurrent.futures._base.CancelledError

During handling of the above exception, another exception occurred:

Traceback (most recent call last):
  File "/gpfs/exfel/data/scratch/roscar/work/midtools/midtools/.venv/lib64/python3.6/site-packages/distributed/comm/core.py", line 295, in _
    raise CommClosedError()
distributed.comm.core.CommClosedError
distributed.worker - INFO - Waiting to connect to:   tcp://10.255.32.50:37411
Task exception was never retrieved
future: <Task finished coro=<connect.<locals>._() done, defined at /gpfs/exfel/data/scratch/roscar/work/midtools/midtools/.venv/lib64/python3.6/site-packages/distributed/comm/core.py:279> exception=CommClosedError()>
Traceback (most recent call last):
  File "/gpfs/exfel/data/scratch/roscar/work/midtools/midtools/.venv/lib64/python3.6/site-packages/distributed/comm/core.py", line 288, in _
    handshake = await asyncio.wait_for(comm.read(), 1)
  File "/usr/lib64/python3.6/asyncio/tasks.py", line 351, in wait_for
    yield from waiter
concurrent.futures._base.CancelledError

During handling of the above exception, another exception occurred:

Traceback (most recent call last):
  File "/gpfs/exfel/data/scratch/roscar/work/midtools/midtools/.venv/lib64/python3.6/site-packages/distributed/comm/core.py", line 295, in _
    raise CommClosedError()
distributed.comm.core.CommClosedError
distributed.worker - INFO - Waiting to connect to:   tcp://10.255.32.50:37411
Task exception was never retrieved
future: <Task finished coro=<connect.<locals>._() done, defined at /gpfs/exfel/data/scratch/roscar/work/midtools/midtools/.venv/lib64/python3.6/site-packages/distributed/comm/core.py:279> exception=CommClosedError()>
Traceback (most recent call last):
  File "/gpfs/exfel/data/scratch/roscar/work/midtools/midtools/.venv/lib64/python3.6/site-packages/distributed/comm/core.py", line 288, in _
    handshake = await asyncio.wait_for(comm.read(), 1)
  File "/usr/lib64/python3.6/asyncio/tasks.py", line 351, in wait_for
    yield from waiter
concurrent.futures._base.CancelledError

During handling of the above exception, another exception occurred:

Traceback (most recent call last):
  File "/gpfs/exfel/data/scratch/roscar/work/midtools/midtools/.venv/lib64/python3.6/site-packages/distributed/comm/core.py", line 295, in _
    raise CommClosedError()
distributed.comm.core.CommClosedError
distributed.worker - INFO - Waiting to connect to:   tcp://10.255.32.50:37411
Task exception was never retrieved
future: <Task finished coro=<connect.<locals>._() done, defined at /gpfs/exfel/data/scratch/roscar/work/midtools/midtools/.venv/lib64/python3.6/site-packages/distributed/comm/core.py:279> exception=CommClosedError()>
Traceback (most recent call last):
  File "/gpfs/exfel/data/scratch/roscar/work/midtools/midtools/.venv/lib64/python3.6/site-packages/distributed/comm/core.py", line 288, in _
    handshake = await asyncio.wait_for(comm.read(), 1)
  File "/usr/lib64/python3.6/asyncio/tasks.py", line 351, in wait_for
    yield from waiter
concurrent.futures._base.CancelledError

During handling of the above exception, another exception occurred:

Traceback (most recent call last):
  File "/gpfs/exfel/data/scratch/roscar/work/midtools/midtools/.venv/lib64/python3.6/site-packages/distributed/comm/core.py", line 295, in _
    raise CommClosedError()
distributed.comm.core.CommClosedError
distributed.worker - INFO - Waiting to connect to:   tcp://10.255.32.50:37411
Task exception was never retrieved
future: <Task finished coro=<connect.<locals>._() done, defined at /gpfs/exfel/data/scratch/roscar/work/midtools/midtools/.venv/lib64/python3.6/site-packages/distributed/comm/core.py:279> exception=CommClosedError()>
Traceback (most recent call last):
  File "/gpfs/exfel/data/scratch/roscar/work/midtools/midtools/.venv/lib64/python3.6/site-packages/distributed/comm/core.py", line 288, in _
    handshake = await asyncio.wait_for(comm.read(), 1)
  File "/usr/lib64/python3.6/asyncio/tasks.py", line 351, in wait_for
    yield from waiter
concurrent.futures._base.CancelledError

During handling of the above exception, another exception occurred:

Traceback (most recent call last):
  File "/gpfs/exfel/data/scratch/roscar/work/midtools/midtools/.venv/lib64/python3.6/site-packages/distributed/comm/core.py", line 295, in _
    raise CommClosedError()
distributed.comm.core.CommClosedError
distributed.worker - INFO - Waiting to connect to:   tcp://10.255.32.50:37411
Task exception was never retrieved
future: <Task finished coro=<connect.<locals>._() done, defined at /gpfs/exfel/data/scratch/roscar/work/midtools/midtools/.venv/lib64/python3.6/site-packages/distributed/comm/core.py:279> exception=CommClosedError()>
Traceback (most recent call last):
  File "/gpfs/exfel/data/scratch/roscar/work/midtools/midtools/.venv/lib64/python3.6/site-packages/distributed/comm/core.py", line 288, in _
    handshake = await asyncio.wait_for(comm.read(), 1)
  File "/usr/lib64/python3.6/asyncio/tasks.py", line 351, in wait_for
    yield from waiter
concurrent.futures._base.CancelledError

During handling of the above exception, another exception occurred:

Traceback (most recent call last):
  File "/gpfs/exfel/data/scratch/roscar/work/midtools/midtools/.venv/lib64/python3.6/site-packages/distributed/comm/core.py", line 295, in _
    raise CommClosedError()
distributed.comm.core.CommClosedError
distributed.worker - INFO - Waiting to connect to:   tcp://10.255.32.50:37411
Task exception was never retrieved
future: <Task finished coro=<connect.<locals>._() done, defined at /gpfs/exfel/data/scratch/roscar/work/midtools/midtools/.venv/lib64/python3.6/site-packages/distributed/comm/core.py:279> exception=CommClosedError()>
Traceback (most recent call last):
  File "/gpfs/exfel/data/scratch/roscar/work/midtools/midtools/.venv/lib64/python3.6/site-packages/distributed/comm/core.py", line 288, in _
    handshake = await asyncio.wait_for(comm.read(), 1)
  File "/usr/lib64/python3.6/asyncio/tasks.py", line 351, in wait_for
    yield from waiter
concurrent.futures._base.CancelledError

During handling of the above exception, another exception occurred:

Traceback (most recent call last):
  File "/gpfs/exfel/data/scratch/roscar/work/midtools/midtools/.venv/lib64/python3.6/site-packages/distributed/comm/core.py", line 295, in _
    raise CommClosedError()
distributed.comm.core.CommClosedError
distributed.worker - INFO - Waiting to connect to:   tcp://10.255.32.50:37411
Task exception was never retrieved
future: <Task finished coro=<connect.<locals>._() done, defined at /gpfs/exfel/data/scratch/roscar/work/midtools/midtools/.venv/lib64/python3.6/site-packages/distributed/comm/core.py:279> exception=CommClosedError()>
Traceback (most recent call last):
  File "/gpfs/exfel/data/scratch/roscar/work/midtools/midtools/.venv/lib64/python3.6/site-packages/distributed/comm/core.py", line 288, in _
    handshake = await asyncio.wait_for(comm.read(), 1)
  File "/usr/lib64/python3.6/asyncio/tasks.py", line 351, in wait_for
    yield from waiter
concurrent.futures._base.CancelledError

During handling of the above exception, another exception occurred:

Traceback (most recent call last):
  File "/gpfs/exfel/data/scratch/roscar/work/midtools/midtools/.venv/lib64/python3.6/site-packages/distributed/comm/core.py", line 295, in _
    raise CommClosedError()
distributed.comm.core.CommClosedError
distributed.worker - INFO - Waiting to connect to:   tcp://10.255.32.50:37411
Task exception was never retrieved
future: <Task finished coro=<connect.<locals>._() done, defined at /gpfs/exfel/data/scratch/roscar/work/midtools/midtools/.venv/lib64/python3.6/site-packages/distributed/comm/core.py:279> exception=CommClosedError()>
Traceback (most recent call last):
  File "/gpfs/exfel/data/scratch/roscar/work/midtools/midtools/.venv/lib64/python3.6/site-packages/distributed/comm/core.py", line 288, in _
    handshake = await asyncio.wait_for(comm.read(), 1)
  File "/usr/lib64/python3.6/asyncio/tasks.py", line 351, in wait_for
    yield from waiter
concurrent.futures._base.CancelledError

During handling of the above exception, another exception occurred:

Traceback (most recent call last):
  File "/gpfs/exfel/data/scratch/roscar/work/midtools/midtools/.venv/lib64/python3.6/site-packages/distributed/comm/core.py", line 295, in _
    raise CommClosedError()
distributed.comm.core.CommClosedError
distributed.worker - INFO - Waiting to connect to:   tcp://10.255.32.50:37411
Task exception was never retrieved
future: <Task finished coro=<connect.<locals>._() done, defined at /gpfs/exfel/data/scratch/roscar/work/midtools/midtools/.venv/lib64/python3.6/site-packages/distributed/comm/core.py:279> exception=CommClosedError()>
Traceback (most recent call last):
  File "/gpfs/exfel/data/scratch/roscar/work/midtools/midtools/.venv/lib64/python3.6/site-packages/distributed/comm/core.py", line 288, in _
    handshake = await asyncio.wait_for(comm.read(), 1)
  File "/usr/lib64/python3.6/asyncio/tasks.py", line 351, in wait_for
    yield from waiter
concurrent.futures._base.CancelledError

During handling of the above exception, another exception occurred:

Traceback (most recent call last):
  File "/gpfs/exfel/data/scratch/roscar/work/midtools/midtools/.venv/lib64/python3.6/site-packages/distributed/comm/core.py", line 295, in _
    raise CommClosedError()
distributed.comm.core.CommClosedError
distributed.worker - INFO -         Registered to:   tcp://10.255.32.50:37411
distributed.worker - INFO - -------------------------------------------------
distributed.core - INFO - Starting established connection
distributed.worker - INFO -         Registered to:   tcp://10.255.32.50:37411
distributed.worker - INFO - -------------------------------------------------
distributed.core - INFO - Starting established connection
distributed.comm.tcp - INFO - Connection closed before handshake completed
distributed.comm.tcp - INFO - Connection closed before handshake completed
distributed.worker - INFO - Stopping worker at tcp://10.255.34.186:37691
distributed.worker - INFO - Stopping worker at tcp://10.255.34.186:35613
distributed.nanny - INFO - Worker closed
distributed.nanny - INFO - Worker closed
distributed.worker - INFO -       Start worker at:  tcp://10.255.34.186:39967
distributed.worker - INFO -          Listening to:  tcp://10.255.34.186:39967
distributed.worker - INFO -          dashboard at:        10.255.34.186:34612
distributed.worker - INFO - Waiting to connect to:   tcp://10.255.32.50:37411
distributed.worker - INFO - -------------------------------------------------
distributed.worker - INFO -               Threads:                          1
distributed.worker - INFO -                Memory:                  384.00 GB
distributed.worker - INFO -       Local Directory: /scratch/dask-worker-space/worker-6jn___km
distributed.worker - INFO - -------------------------------------------------
distributed.worker - INFO -       Start worker at:  tcp://10.255.34.186:40420
distributed.worker - INFO -          Listening to:  tcp://10.255.34.186:40420
distributed.worker - INFO -          dashboard at:        10.255.34.186:44057
distributed.worker - INFO - Waiting to connect to:   tcp://10.255.32.50:37411
distributed.worker - INFO - -------------------------------------------------
distributed.worker - INFO -               Threads:                          1
distributed.worker - INFO -                Memory:                  384.00 GB
distributed.worker - INFO -       Local Directory: /scratch/dask-worker-space/worker-2ym8nzgu
distributed.worker - INFO - -------------------------------------------------
distributed.worker - INFO -         Registered to:   tcp://10.255.32.50:37411
distributed.worker - INFO - -------------------------------------------------
distributed.core - INFO - Starting established connection
distributed.worker - INFO -         Registered to:   tcp://10.255.32.50:37411
distributed.worker - INFO - -------------------------------------------------
distributed.core - INFO - Starting established connection
distributed.comm.tcp - INFO - Connection closed before handshake completed
Task exception was never retrieved
future: <Task finished coro=<connect.<locals>._() done, defined at /gpfs/exfel/data/scratch/roscar/work/midtools/midtools/.venv/lib64/python3.6/site-packages/distributed/comm/core.py:279> exception=CommClosedError()>
Traceback (most recent call last):
  File "/gpfs/exfel/data/scratch/roscar/work/midtools/midtools/.venv/lib64/python3.6/site-packages/distributed/comm/core.py", line 288, in _
    handshake = await asyncio.wait_for(comm.read(), 1)
  File "/usr/lib64/python3.6/asyncio/tasks.py", line 351, in wait_for
    yield from waiter
concurrent.futures._base.CancelledError

During handling of the above exception, another exception occurred:

Traceback (most recent call last):
  File "/gpfs/exfel/data/scratch/roscar/work/midtools/midtools/.venv/lib64/python3.6/site-packages/distributed/comm/core.py", line 295, in _
    raise CommClosedError()
distributed.comm.core.CommClosedError
distributed.worker - ERROR - Worker stream died during communication: tcp://10.255.34.180:34163
Traceback (most recent call last):
  File "/gpfs/exfel/data/scratch/roscar/work/midtools/midtools/.venv/lib64/python3.6/site-packages/distributed/comm/tcp.py", line 186, in read
    n_frames = await stream.read_bytes(8)
tornado.iostream.StreamClosedError: Stream is closed

The above exception was the direct cause of the following exception:

Traceback (most recent call last):
  File "/gpfs/exfel/data/scratch/roscar/work/midtools/midtools/.venv/lib64/python3.6/site-packages/distributed/worker.py", line 1983, in gather_dep
    self.rpc, deps, worker, who=self.address
  File "/gpfs/exfel/data/scratch/roscar/work/midtools/midtools/.venv/lib64/python3.6/site-packages/distributed/worker.py", line 3258, in get_data_from_worker
    return await retry_operation(_get_data, operation="get_data_from_worker")
  File "/gpfs/exfel/data/scratch/roscar/work/midtools/midtools/.venv/lib64/python3.6/site-packages/distributed/utils_comm.py", line 390, in retry_operation
    operation=operation,
  File "/gpfs/exfel/data/scratch/roscar/work/midtools/midtools/.venv/lib64/python3.6/site-packages/distributed/utils_comm.py", line 370, in retry
    return await coro()
  File "/gpfs/exfel/data/scratch/roscar/work/midtools/midtools/.venv/lib64/python3.6/site-packages/distributed/worker.py", line 3245, in _get_data
    max_connections=max_connections,
  File "/gpfs/exfel/data/scratch/roscar/work/midtools/midtools/.venv/lib64/python3.6/site-packages/distributed/core.py", line 666, in send_recv
    response = await comm.read(deserializers=deserializers)
  File "/gpfs/exfel/data/scratch/roscar/work/midtools/midtools/.venv/lib64/python3.6/site-packages/distributed/comm/tcp.py", line 201, in read
    convert_stream_closed_error(self, e)
  File "/gpfs/exfel/data/scratch/roscar/work/midtools/midtools/.venv/lib64/python3.6/site-packages/distributed/comm/tcp.py", line 125, in convert_stream_closed_error
    raise CommClosedError("in %s: %s" % (obj, exc)) from exc
distributed.comm.core.CommClosedError: in <closed TCP>: Stream is closed
distributed.worker - INFO - Can't find dependencies for key ('rechunk-merge-da4388001cc3121dfbfc177659e60ad0', 6, 0, 0)
distributed.worker - INFO - Dependent not found: ('rechunk-split-rechunk-merge-da4388001cc3121dfbfc177659e60ad0', 6, 0, 0) 0 .  Asking scheduler
distributed.worker - ERROR - Worker stream died during communication: tcp://10.255.34.180:34163
Traceback (most recent call last):
  File "/gpfs/exfel/data/scratch/roscar/work/midtools/midtools/.venv/lib64/python3.6/site-packages/distributed/comm/tcp.py", line 186, in read
    n_frames = await stream.read_bytes(8)
tornado.iostream.StreamClosedError: Stream is closed

The above exception was the direct cause of the following exception:

Traceback (most recent call last):
  File "/gpfs/exfel/data/scratch/roscar/work/midtools/midtools/.venv/lib64/python3.6/site-packages/distributed/worker.py", line 1983, in gather_dep
    self.rpc, deps, worker, who=self.address
  File "/gpfs/exfel/data/scratch/roscar/work/midtools/midtools/.venv/lib64/python3.6/site-packages/distributed/worker.py", line 3258, in get_data_from_worker
    return await retry_operation(_get_data, operation="get_data_from_worker")
  File "/gpfs/exfel/data/scratch/roscar/work/midtools/midtools/.venv/lib64/python3.6/site-packages/distributed/utils_comm.py", line 390, in retry_operation
    operation=operation,
  File "/gpfs/exfel/data/scratch/roscar/work/midtools/midtools/.venv/lib64/python3.6/site-packages/distributed/utils_comm.py", line 370, in retry
    return await coro()
  File "/gpfs/exfel/data/scratch/roscar/work/midtools/midtools/.venv/lib64/python3.6/site-packages/distributed/worker.py", line 3245, in _get_data
    max_connections=max_connections,
  File "/gpfs/exfel/data/scratch/roscar/work/midtools/midtools/.venv/lib64/python3.6/site-packages/distributed/core.py", line 666, in send_recv
    response = await comm.read(deserializers=deserializers)
  File "/gpfs/exfel/data/scratch/roscar/work/midtools/midtools/.venv/lib64/python3.6/site-packages/distributed/comm/tcp.py", line 201, in read
    convert_stream_closed_error(self, e)
  File "/gpfs/exfel/data/scratch/roscar/work/midtools/midtools/.venv/lib64/python3.6/site-packages/distributed/comm/tcp.py", line 125, in convert_stream_closed_error
    raise CommClosedError("in %s: %s" % (obj, exc)) from exc
distributed.comm.core.CommClosedError: in <closed TCP>: Stream is closed
distributed.worker - INFO - Can't find dependencies for key ('rechunk-merge-da4388001cc3121dfbfc177659e60ad0', 2, 0, 0)
distributed.worker - INFO - Can't find dependencies for key ('rechunk-merge-da4388001cc3121dfbfc177659e60ad0', 0, 0, 0)
distributed.worker - INFO - Dependent not found: ('rechunk-split-rechunk-merge-da4388001cc3121dfbfc177659e60ad0', 2, 0, 0) 0 .  Asking scheduler
distributed.worker - INFO - Dependent not found: ('rechunk-split-rechunk-merge-da4388001cc3121dfbfc177659e60ad0', 0, 0, 0) 0 .  Asking scheduler
distributed.comm.tcp - INFO - Connection closed before handshake completed
distributed.worker - INFO - Can't find dependencies for key ('rechunk-merge-da4388001cc3121dfbfc177659e60ad0', 5, 0, 0)
distributed.worker - INFO - Dependent not found: ('rechunk-split-rechunk-merge-da4388001cc3121dfbfc177659e60ad0', 5, 0, 0) 0 .  Asking scheduler
distributed.worker - INFO - Stopping worker at tcp://10.255.34.186:39967
distributed.worker - INFO - Stopping worker at tcp://10.255.34.186:40420
distributed.nanny - INFO - Worker closed
distributed.nanny - INFO - Worker closed
distributed.worker - INFO -       Start worker at:  tcp://10.255.34.186:33055
distributed.worker - INFO -          Listening to:  tcp://10.255.34.186:33055
distributed.worker - INFO -          dashboard at:        10.255.34.186:39909
distributed.worker - INFO - Waiting to connect to:   tcp://10.255.32.50:37411
distributed.worker - INFO - -------------------------------------------------
distributed.worker - INFO -               Threads:                          1
distributed.worker - INFO -                Memory:                  384.00 GB
distributed.worker - INFO -       Local Directory: /scratch/dask-worker-space/worker-vb__54fm
distributed.worker - INFO - -------------------------------------------------
distributed.worker - INFO -         Registered to:   tcp://10.255.32.50:37411
distributed.worker - INFO - -------------------------------------------------
distributed.core - INFO - Starting established connection
distributed.worker - INFO -       Start worker at:  tcp://10.255.34.186:36337
distributed.worker - INFO -          Listening to:  tcp://10.255.34.186:36337
distributed.worker - INFO -          dashboard at:        10.255.34.186:44462
distributed.worker - INFO - Waiting to connect to:   tcp://10.255.32.50:37411
distributed.worker - INFO - -------------------------------------------------
distributed.worker - INFO -               Threads:                          1
distributed.worker - INFO -                Memory:                  384.00 GB
distributed.worker - INFO -       Local Directory: /scratch/dask-worker-space/worker-vxzem3en
distributed.worker - INFO - -------------------------------------------------
distributed.worker - INFO -         Registered to:   tcp://10.255.32.50:37411
distributed.worker - INFO - -------------------------------------------------
distributed.core - INFO - Starting established connection
slurmstepd: error: *** JOB 5318258 ON max-exfl260 CANCELLED AT 2020-08-19T16:52:59 ***
distributed.dask_worker - INFO - Exiting on signal 15
distributed.nanny - INFO - Closing Nanny at 'tcp://10.255.34.186:38713'
distributed.nanny - INFO - Closing Nanny at 'tcp://10.255.34.186:46790'
distributed.nanny - INFO - Worker process 227899 was killed by signal 15
distributed.nanny - INFO - Worker process 227896 was killed by signal 15
