distributed.nanny - INFO -         Start Nanny at: 'tcp://10.255.33.199:42722'
distributed.nanny - INFO -         Start Nanny at: 'tcp://10.255.33.199:35671'
distributed.nanny - INFO -         Start Nanny at: 'tcp://10.255.33.199:33596'
distributed.nanny - INFO -         Start Nanny at: 'tcp://10.255.33.199:40508'
distributed.worker - INFO -       Start worker at:  tcp://10.255.33.199:32835
distributed.worker - INFO -          Listening to:  tcp://10.255.33.199:32835
distributed.worker - INFO -       Start worker at:  tcp://10.255.33.199:37837
distributed.worker - INFO -          dashboard at:        10.255.33.199:44751
distributed.worker - INFO -          Listening to:  tcp://10.255.33.199:37837
distributed.worker - INFO - Waiting to connect to:   tcp://10.255.32.50:45827
distributed.worker - INFO - -------------------------------------------------
distributed.worker - INFO -          dashboard at:        10.255.33.199:38933
distributed.worker - INFO - Waiting to connect to:   tcp://10.255.32.50:45827
distributed.worker - INFO - -------------------------------------------------
distributed.worker - INFO -       Start worker at:  tcp://10.255.33.199:38373
distributed.worker - INFO -          Listening to:  tcp://10.255.33.199:38373
distributed.worker - INFO -       Start worker at:  tcp://10.255.33.199:45570
distributed.worker - INFO -          dashboard at:        10.255.33.199:35030
distributed.worker - INFO - Waiting to connect to:   tcp://10.255.32.50:45827
distributed.worker - INFO -               Threads:                          1
distributed.worker - INFO -          Listening to:  tcp://10.255.33.199:45570
distributed.worker - INFO -                Memory:                  192.00 GB
distributed.worker - INFO - -------------------------------------------------
distributed.worker - INFO -               Threads:                          1
distributed.worker - INFO -          dashboard at:        10.255.33.199:43410
distributed.worker - INFO -                Memory:                  192.00 GB
distributed.worker - INFO -       Local Directory: /scratch/dask-worker-space/worker-okuj1vjl
distributed.worker - INFO -       Local Directory: /scratch/dask-worker-space/worker-dwi_h3e0
distributed.worker - INFO - Waiting to connect to:   tcp://10.255.32.50:45827
distributed.worker - INFO - -------------------------------------------------
distributed.worker - INFO - -------------------------------------------------
distributed.worker - INFO - -------------------------------------------------
distributed.worker - INFO -               Threads:                          1
distributed.worker - INFO -                Memory:                  192.00 GB
distributed.worker - INFO -               Threads:                          1
distributed.worker - INFO -       Local Directory: /scratch/dask-worker-space/worker-njps1rzv
distributed.worker - INFO - -------------------------------------------------
distributed.worker - INFO -                Memory:                  192.00 GB
distributed.worker - INFO -       Local Directory: /scratch/dask-worker-space/worker-8np5epvi
distributed.worker - INFO - -------------------------------------------------
distributed.worker - INFO - Waiting to connect to:   tcp://10.255.32.50:45827
distributed.worker - INFO - Waiting to connect to:   tcp://10.255.32.50:45827
Task exception was never retrieved
future: <Task finished coro=<connect.<locals>._() done, defined at /gpfs/exfel/data/scratch/roscar/work/midtools/midtools/.venv/lib64/python3.6/site-packages/distributed/comm/core.py:279> exception=CommClosedError()>
Traceback (most recent call last):
  File "/gpfs/exfel/data/scratch/roscar/work/midtools/midtools/.venv/lib64/python3.6/site-packages/distributed/comm/core.py", line 288, in _
    handshake = await asyncio.wait_for(comm.read(), 1)
  File "/usr/lib64/python3.6/asyncio/tasks.py", line 351, in wait_for
    yield from waiter
concurrent.futures._base.CancelledError

During handling of the above exception, another exception occurred:

Traceback (most recent call last):
  File "/gpfs/exfel/data/scratch/roscar/work/midtools/midtools/.venv/lib64/python3.6/site-packages/distributed/comm/core.py", line 295, in _
    raise CommClosedError()
distributed.comm.core.CommClosedError
distributed.worker - INFO - Waiting to connect to:   tcp://10.255.32.50:45827
Task exception was never retrieved
future: <Task finished coro=<connect.<locals>._() done, defined at /gpfs/exfel/data/scratch/roscar/work/midtools/midtools/.venv/lib64/python3.6/site-packages/distributed/comm/core.py:279> exception=CommClosedError()>
Traceback (most recent call last):
  File "/gpfs/exfel/data/scratch/roscar/work/midtools/midtools/.venv/lib64/python3.6/site-packages/distributed/comm/core.py", line 288, in _
    handshake = await asyncio.wait_for(comm.read(), 1)
  File "/usr/lib64/python3.6/asyncio/tasks.py", line 351, in wait_for
    yield from waiter
concurrent.futures._base.CancelledError

During handling of the above exception, another exception occurred:

Traceback (most recent call last):
  File "/gpfs/exfel/data/scratch/roscar/work/midtools/midtools/.venv/lib64/python3.6/site-packages/distributed/comm/core.py", line 295, in _
    raise CommClosedError()
distributed.comm.core.CommClosedError
distributed.worker - INFO - Waiting to connect to:   tcp://10.255.32.50:45827
Task exception was never retrieved
future: <Task finished coro=<connect.<locals>._() done, defined at /gpfs/exfel/data/scratch/roscar/work/midtools/midtools/.venv/lib64/python3.6/site-packages/distributed/comm/core.py:279> exception=CommClosedError()>
Traceback (most recent call last):
  File "/gpfs/exfel/data/scratch/roscar/work/midtools/midtools/.venv/lib64/python3.6/site-packages/distributed/comm/core.py", line 288, in _
    handshake = await asyncio.wait_for(comm.read(), 1)
  File "/usr/lib64/python3.6/asyncio/tasks.py", line 351, in wait_for
    yield from waiter
concurrent.futures._base.CancelledError

During handling of the above exception, another exception occurred:

Traceback (most recent call last):
  File "/gpfs/exfel/data/scratch/roscar/work/midtools/midtools/.venv/lib64/python3.6/site-packages/distributed/comm/core.py", line 295, in _
    raise CommClosedError()
distributed.comm.core.CommClosedError
Task exception was never retrieved
future: <Task finished coro=<connect.<locals>._() done, defined at /gpfs/exfel/data/scratch/roscar/work/midtools/midtools/.venv/lib64/python3.6/site-packages/distributed/comm/core.py:279> exception=CommClosedError()>
Traceback (most recent call last):
  File "/gpfs/exfel/data/scratch/roscar/work/midtools/midtools/.venv/lib64/python3.6/site-packages/distributed/comm/core.py", line 288, in _
    handshake = await asyncio.wait_for(comm.read(), 1)
  File "/usr/lib64/python3.6/asyncio/tasks.py", line 351, in wait_for
    yield from waiter
concurrent.futures._base.CancelledError

During handling of the above exception, another exception occurred:

Traceback (most recent call last):
  File "/gpfs/exfel/data/scratch/roscar/work/midtools/midtools/.venv/lib64/python3.6/site-packages/distributed/comm/core.py", line 295, in _
    raise CommClosedError()
distributed.comm.core.CommClosedError
distributed.worker - INFO - Waiting to connect to:   tcp://10.255.32.50:45827
distributed.worker - INFO - Waiting to connect to:   tcp://10.255.32.50:45827
Task exception was never retrieved
future: <Task finished coro=<connect.<locals>._() done, defined at /gpfs/exfel/data/scratch/roscar/work/midtools/midtools/.venv/lib64/python3.6/site-packages/distributed/comm/core.py:279> exception=CommClosedError()>
Traceback (most recent call last):
  File "/gpfs/exfel/data/scratch/roscar/work/midtools/midtools/.venv/lib64/python3.6/site-packages/distributed/comm/core.py", line 288, in _
    handshake = await asyncio.wait_for(comm.read(), 1)
  File "/usr/lib64/python3.6/asyncio/tasks.py", line 351, in wait_for
    yield from waiter
concurrent.futures._base.CancelledError

During handling of the above exception, another exception occurred:

Traceback (most recent call last):
  File "/gpfs/exfel/data/scratch/roscar/work/midtools/midtools/.venv/lib64/python3.6/site-packages/distributed/comm/core.py", line 295, in _
    raise CommClosedError()
distributed.comm.core.CommClosedError
Task exception was never retrieved
future: <Task finished coro=<connect.<locals>._() done, defined at /gpfs/exfel/data/scratch/roscar/work/midtools/midtools/.venv/lib64/python3.6/site-packages/distributed/comm/core.py:279> exception=CommClosedError()>
Traceback (most recent call last):
  File "/gpfs/exfel/data/scratch/roscar/work/midtools/midtools/.venv/lib64/python3.6/site-packages/distributed/comm/core.py", line 288, in _
    handshake = await asyncio.wait_for(comm.read(), 1)
  File "/usr/lib64/python3.6/asyncio/tasks.py", line 351, in wait_for
    yield from waiter
concurrent.futures._base.CancelledError

During handling of the above exception, another exception occurred:

Traceback (most recent call last):
  File "/gpfs/exfel/data/scratch/roscar/work/midtools/midtools/.venv/lib64/python3.6/site-packages/distributed/comm/core.py", line 295, in _
    raise CommClosedError()
distributed.comm.core.CommClosedError
distributed.worker - INFO - Waiting to connect to:   tcp://10.255.32.50:45827
Task exception was never retrieved
future: <Task finished coro=<connect.<locals>._() done, defined at /gpfs/exfel/data/scratch/roscar/work/midtools/midtools/.venv/lib64/python3.6/site-packages/distributed/comm/core.py:279> exception=CommClosedError()>
Traceback (most recent call last):
  File "/gpfs/exfel/data/scratch/roscar/work/midtools/midtools/.venv/lib64/python3.6/site-packages/distributed/comm/core.py", line 288, in _
    handshake = await asyncio.wait_for(comm.read(), 1)
  File "/usr/lib64/python3.6/asyncio/tasks.py", line 351, in wait_for
    yield from waiter
concurrent.futures._base.CancelledError

During handling of the above exception, another exception occurred:

Traceback (most recent call last):
  File "/gpfs/exfel/data/scratch/roscar/work/midtools/midtools/.venv/lib64/python3.6/site-packages/distributed/comm/core.py", line 295, in _
    raise CommClosedError()
distributed.comm.core.CommClosedError
distributed.worker - INFO - Waiting to connect to:   tcp://10.255.32.50:45827
Task exception was never retrieved
future: <Task finished coro=<connect.<locals>._() done, defined at /gpfs/exfel/data/scratch/roscar/work/midtools/midtools/.venv/lib64/python3.6/site-packages/distributed/comm/core.py:279> exception=CommClosedError()>
Traceback (most recent call last):
  File "/gpfs/exfel/data/scratch/roscar/work/midtools/midtools/.venv/lib64/python3.6/site-packages/distributed/comm/core.py", line 288, in _
    handshake = await asyncio.wait_for(comm.read(), 1)
  File "/usr/lib64/python3.6/asyncio/tasks.py", line 351, in wait_for
    yield from waiter
concurrent.futures._base.CancelledError

During handling of the above exception, another exception occurred:

Traceback (most recent call last):
  File "/gpfs/exfel/data/scratch/roscar/work/midtools/midtools/.venv/lib64/python3.6/site-packages/distributed/comm/core.py", line 295, in _
    raise CommClosedError()
distributed.comm.core.CommClosedError
distributed.worker - INFO - Waiting to connect to:   tcp://10.255.32.50:45827
Task exception was never retrieved
future: <Task finished coro=<connect.<locals>._() done, defined at /gpfs/exfel/data/scratch/roscar/work/midtools/midtools/.venv/lib64/python3.6/site-packages/distributed/comm/core.py:279> exception=CommClosedError()>
Traceback (most recent call last):
  File "/gpfs/exfel/data/scratch/roscar/work/midtools/midtools/.venv/lib64/python3.6/site-packages/distributed/comm/core.py", line 288, in _
    handshake = await asyncio.wait_for(comm.read(), 1)
  File "/usr/lib64/python3.6/asyncio/tasks.py", line 351, in wait_for
    yield from waiter
concurrent.futures._base.CancelledError

During handling of the above exception, another exception occurred:

Traceback (most recent call last):
  File "/gpfs/exfel/data/scratch/roscar/work/midtools/midtools/.venv/lib64/python3.6/site-packages/distributed/comm/core.py", line 295, in _
    raise CommClosedError()
distributed.comm.core.CommClosedError
distributed.worker - INFO - Waiting to connect to:   tcp://10.255.32.50:45827
Task exception was never retrieved
future: <Task finished coro=<connect.<locals>._() done, defined at /gpfs/exfel/data/scratch/roscar/work/midtools/midtools/.venv/lib64/python3.6/site-packages/distributed/comm/core.py:279> exception=CommClosedError()>
Traceback (most recent call last):
  File "/gpfs/exfel/data/scratch/roscar/work/midtools/midtools/.venv/lib64/python3.6/site-packages/distributed/comm/core.py", line 288, in _
    handshake = await asyncio.wait_for(comm.read(), 1)
  File "/usr/lib64/python3.6/asyncio/tasks.py", line 351, in wait_for
    yield from waiter
concurrent.futures._base.CancelledError

During handling of the above exception, another exception occurred:

Traceback (most recent call last):
  File "/gpfs/exfel/data/scratch/roscar/work/midtools/midtools/.venv/lib64/python3.6/site-packages/distributed/comm/core.py", line 295, in _
    raise CommClosedError()
distributed.comm.core.CommClosedError
distributed.worker - INFO - Waiting to connect to:   tcp://10.255.32.50:45827
distributed.worker - INFO - Waiting to connect to:   tcp://10.255.32.50:45827
Task exception was never retrieved
future: <Task finished coro=<connect.<locals>._() done, defined at /gpfs/exfel/data/scratch/roscar/work/midtools/midtools/.venv/lib64/python3.6/site-packages/distributed/comm/core.py:279> exception=CommClosedError()>
Traceback (most recent call last):
  File "/gpfs/exfel/data/scratch/roscar/work/midtools/midtools/.venv/lib64/python3.6/site-packages/distributed/comm/core.py", line 288, in _
    handshake = await asyncio.wait_for(comm.read(), 1)
  File "/usr/lib64/python3.6/asyncio/tasks.py", line 351, in wait_for
    yield from waiter
concurrent.futures._base.CancelledError

During handling of the above exception, another exception occurred:

Traceback (most recent call last):
  File "/gpfs/exfel/data/scratch/roscar/work/midtools/midtools/.venv/lib64/python3.6/site-packages/distributed/comm/core.py", line 295, in _
    raise CommClosedError()
distributed.comm.core.CommClosedError
Task exception was never retrieved
future: <Task finished coro=<connect.<locals>._() done, defined at /gpfs/exfel/data/scratch/roscar/work/midtools/midtools/.venv/lib64/python3.6/site-packages/distributed/comm/core.py:279> exception=CommClosedError()>
Traceback (most recent call last):
  File "/gpfs/exfel/data/scratch/roscar/work/midtools/midtools/.venv/lib64/python3.6/site-packages/distributed/comm/core.py", line 288, in _
    handshake = await asyncio.wait_for(comm.read(), 1)
  File "/usr/lib64/python3.6/asyncio/tasks.py", line 351, in wait_for
    yield from waiter
concurrent.futures._base.CancelledError

During handling of the above exception, another exception occurred:

Traceback (most recent call last):
  File "/gpfs/exfel/data/scratch/roscar/work/midtools/midtools/.venv/lib64/python3.6/site-packages/distributed/comm/core.py", line 295, in _
    raise CommClosedError()
distributed.comm.core.CommClosedError
distributed.worker - INFO - Waiting to connect to:   tcp://10.255.32.50:45827
Task exception was never retrieved
future: <Task finished coro=<connect.<locals>._() done, defined at /gpfs/exfel/data/scratch/roscar/work/midtools/midtools/.venv/lib64/python3.6/site-packages/distributed/comm/core.py:279> exception=CommClosedError()>
Traceback (most recent call last):
  File "/gpfs/exfel/data/scratch/roscar/work/midtools/midtools/.venv/lib64/python3.6/site-packages/distributed/comm/core.py", line 288, in _
    handshake = await asyncio.wait_for(comm.read(), 1)
  File "/usr/lib64/python3.6/asyncio/tasks.py", line 351, in wait_for
    yield from waiter
concurrent.futures._base.CancelledError

During handling of the above exception, another exception occurred:

Traceback (most recent call last):
  File "/gpfs/exfel/data/scratch/roscar/work/midtools/midtools/.venv/lib64/python3.6/site-packages/distributed/comm/core.py", line 295, in _
    raise CommClosedError()
distributed.comm.core.CommClosedError
distributed.worker - INFO - Waiting to connect to:   tcp://10.255.32.50:45827
Task exception was never retrieved
future: <Task finished coro=<connect.<locals>._() done, defined at /gpfs/exfel/data/scratch/roscar/work/midtools/midtools/.venv/lib64/python3.6/site-packages/distributed/comm/core.py:279> exception=CommClosedError()>
Traceback (most recent call last):
  File "/gpfs/exfel/data/scratch/roscar/work/midtools/midtools/.venv/lib64/python3.6/site-packages/distributed/comm/core.py", line 288, in _
    handshake = await asyncio.wait_for(comm.read(), 1)
  File "/usr/lib64/python3.6/asyncio/tasks.py", line 351, in wait_for
    yield from waiter
concurrent.futures._base.CancelledError

During handling of the above exception, another exception occurred:

Traceback (most recent call last):
  File "/gpfs/exfel/data/scratch/roscar/work/midtools/midtools/.venv/lib64/python3.6/site-packages/distributed/comm/core.py", line 295, in _
    raise CommClosedError()
distributed.comm.core.CommClosedError
distributed.worker - INFO - Waiting to connect to:   tcp://10.255.32.50:45827
distributed.worker - INFO - Waiting to connect to:   tcp://10.255.32.50:45827
Task exception was never retrieved
future: <Task finished coro=<connect.<locals>._() done, defined at /gpfs/exfel/data/scratch/roscar/work/midtools/midtools/.venv/lib64/python3.6/site-packages/distributed/comm/core.py:279> exception=CommClosedError()>
Traceback (most recent call last):
  File "/gpfs/exfel/data/scratch/roscar/work/midtools/midtools/.venv/lib64/python3.6/site-packages/distributed/comm/core.py", line 288, in _
    handshake = await asyncio.wait_for(comm.read(), 1)
  File "/usr/lib64/python3.6/asyncio/tasks.py", line 351, in wait_for
    yield from waiter
concurrent.futures._base.CancelledError

During handling of the above exception, another exception occurred:

Traceback (most recent call last):
  File "/gpfs/exfel/data/scratch/roscar/work/midtools/midtools/.venv/lib64/python3.6/site-packages/distributed/comm/core.py", line 295, in _
    raise CommClosedError()
distributed.comm.core.CommClosedError
Task exception was never retrieved
future: <Task finished coro=<connect.<locals>._() done, defined at /gpfs/exfel/data/scratch/roscar/work/midtools/midtools/.venv/lib64/python3.6/site-packages/distributed/comm/core.py:279> exception=CommClosedError()>
Traceback (most recent call last):
  File "/gpfs/exfel/data/scratch/roscar/work/midtools/midtools/.venv/lib64/python3.6/site-packages/distributed/comm/core.py", line 288, in _
    handshake = await asyncio.wait_for(comm.read(), 1)
  File "/usr/lib64/python3.6/asyncio/tasks.py", line 351, in wait_for
    yield from waiter
concurrent.futures._base.CancelledError

During handling of the above exception, another exception occurred:

Traceback (most recent call last):
  File "/gpfs/exfel/data/scratch/roscar/work/midtools/midtools/.venv/lib64/python3.6/site-packages/distributed/comm/core.py", line 295, in _
    raise CommClosedError()
distributed.comm.core.CommClosedError
distributed.worker - INFO - Waiting to connect to:   tcp://10.255.32.50:45827
distributed.worker - INFO - Waiting to connect to:   tcp://10.255.32.50:45827
Task exception was never retrieved
future: <Task finished coro=<connect.<locals>._() done, defined at /gpfs/exfel/data/scratch/roscar/work/midtools/midtools/.venv/lib64/python3.6/site-packages/distributed/comm/core.py:279> exception=CommClosedError()>
Traceback (most recent call last):
  File "/gpfs/exfel/data/scratch/roscar/work/midtools/midtools/.venv/lib64/python3.6/site-packages/distributed/comm/core.py", line 288, in _
    handshake = await asyncio.wait_for(comm.read(), 1)
  File "/usr/lib64/python3.6/asyncio/tasks.py", line 351, in wait_for
    yield from waiter
concurrent.futures._base.CancelledError

During handling of the above exception, another exception occurred:

Traceback (most recent call last):
  File "/gpfs/exfel/data/scratch/roscar/work/midtools/midtools/.venv/lib64/python3.6/site-packages/distributed/comm/core.py", line 295, in _
    raise CommClosedError()
distributed.comm.core.CommClosedError
Task exception was never retrieved
future: <Task finished coro=<connect.<locals>._() done, defined at /gpfs/exfel/data/scratch/roscar/work/midtools/midtools/.venv/lib64/python3.6/site-packages/distributed/comm/core.py:279> exception=CommClosedError()>
Traceback (most recent call last):
  File "/gpfs/exfel/data/scratch/roscar/work/midtools/midtools/.venv/lib64/python3.6/site-packages/distributed/comm/core.py", line 288, in _
    handshake = await asyncio.wait_for(comm.read(), 1)
  File "/usr/lib64/python3.6/asyncio/tasks.py", line 351, in wait_for
    yield from waiter
concurrent.futures._base.CancelledError

During handling of the above exception, another exception occurred:

Traceback (most recent call last):
  File "/gpfs/exfel/data/scratch/roscar/work/midtools/midtools/.venv/lib64/python3.6/site-packages/distributed/comm/core.py", line 295, in _
    raise CommClosedError()
distributed.comm.core.CommClosedError
distributed.worker - INFO - Waiting to connect to:   tcp://10.255.32.50:45827
Task exception was never retrieved
future: <Task finished coro=<connect.<locals>._() done, defined at /gpfs/exfel/data/scratch/roscar/work/midtools/midtools/.venv/lib64/python3.6/site-packages/distributed/comm/core.py:279> exception=CommClosedError()>
Traceback (most recent call last):
  File "/gpfs/exfel/data/scratch/roscar/work/midtools/midtools/.venv/lib64/python3.6/site-packages/distributed/comm/core.py", line 288, in _
    handshake = await asyncio.wait_for(comm.read(), 1)
  File "/usr/lib64/python3.6/asyncio/tasks.py", line 351, in wait_for
    yield from waiter
concurrent.futures._base.CancelledError

During handling of the above exception, another exception occurred:

Traceback (most recent call last):
  File "/gpfs/exfel/data/scratch/roscar/work/midtools/midtools/.venv/lib64/python3.6/site-packages/distributed/comm/core.py", line 295, in _
    raise CommClosedError()
distributed.comm.core.CommClosedError
distributed.worker - INFO - Waiting to connect to:   tcp://10.255.32.50:45827
Task exception was never retrieved
future: <Task finished coro=<connect.<locals>._() done, defined at /gpfs/exfel/data/scratch/roscar/work/midtools/midtools/.venv/lib64/python3.6/site-packages/distributed/comm/core.py:279> exception=CommClosedError()>
Traceback (most recent call last):
  File "/gpfs/exfel/data/scratch/roscar/work/midtools/midtools/.venv/lib64/python3.6/site-packages/distributed/comm/core.py", line 288, in _
    handshake = await asyncio.wait_for(comm.read(), 1)
  File "/usr/lib64/python3.6/asyncio/tasks.py", line 351, in wait_for
    yield from waiter
concurrent.futures._base.CancelledError

During handling of the above exception, another exception occurred:

Traceback (most recent call last):
  File "/gpfs/exfel/data/scratch/roscar/work/midtools/midtools/.venv/lib64/python3.6/site-packages/distributed/comm/core.py", line 295, in _
    raise CommClosedError()
distributed.comm.core.CommClosedError
distributed.worker - INFO - Waiting to connect to:   tcp://10.255.32.50:45827
distributed.worker - INFO - Waiting to connect to:   tcp://10.255.32.50:45827
Task exception was never retrieved
future: <Task finished coro=<connect.<locals>._() done, defined at /gpfs/exfel/data/scratch/roscar/work/midtools/midtools/.venv/lib64/python3.6/site-packages/distributed/comm/core.py:279> exception=CommClosedError()>
Traceback (most recent call last):
  File "/gpfs/exfel/data/scratch/roscar/work/midtools/midtools/.venv/lib64/python3.6/site-packages/distributed/comm/core.py", line 288, in _
    handshake = await asyncio.wait_for(comm.read(), 1)
  File "/usr/lib64/python3.6/asyncio/tasks.py", line 351, in wait_for
    yield from waiter
concurrent.futures._base.CancelledError

During handling of the above exception, another exception occurred:

Traceback (most recent call last):
  File "/gpfs/exfel/data/scratch/roscar/work/midtools/midtools/.venv/lib64/python3.6/site-packages/distributed/comm/core.py", line 295, in _
    raise CommClosedError()
distributed.comm.core.CommClosedError
Task exception was never retrieved
future: <Task finished coro=<connect.<locals>._() done, defined at /gpfs/exfel/data/scratch/roscar/work/midtools/midtools/.venv/lib64/python3.6/site-packages/distributed/comm/core.py:279> exception=CommClosedError()>
Traceback (most recent call last):
  File "/gpfs/exfel/data/scratch/roscar/work/midtools/midtools/.venv/lib64/python3.6/site-packages/distributed/comm/core.py", line 288, in _
    handshake = await asyncio.wait_for(comm.read(), 1)
  File "/usr/lib64/python3.6/asyncio/tasks.py", line 351, in wait_for
    yield from waiter
concurrent.futures._base.CancelledError

During handling of the above exception, another exception occurred:

Traceback (most recent call last):
  File "/gpfs/exfel/data/scratch/roscar/work/midtools/midtools/.venv/lib64/python3.6/site-packages/distributed/comm/core.py", line 295, in _
    raise CommClosedError()
distributed.comm.core.CommClosedError
distributed.worker - INFO - Waiting to connect to:   tcp://10.255.32.50:45827
Task exception was never retrieved
future: <Task finished coro=<connect.<locals>._() done, defined at /gpfs/exfel/data/scratch/roscar/work/midtools/midtools/.venv/lib64/python3.6/site-packages/distributed/comm/core.py:279> exception=CommClosedError()>
Traceback (most recent call last):
  File "/gpfs/exfel/data/scratch/roscar/work/midtools/midtools/.venv/lib64/python3.6/site-packages/distributed/comm/core.py", line 288, in _
    handshake = await asyncio.wait_for(comm.read(), 1)
  File "/usr/lib64/python3.6/asyncio/tasks.py", line 351, in wait_for
    yield from waiter
concurrent.futures._base.CancelledError

During handling of the above exception, another exception occurred:

Traceback (most recent call last):
  File "/gpfs/exfel/data/scratch/roscar/work/midtools/midtools/.venv/lib64/python3.6/site-packages/distributed/comm/core.py", line 295, in _
    raise CommClosedError()
distributed.comm.core.CommClosedError
distributed.worker - INFO - Waiting to connect to:   tcp://10.255.32.50:45827
Task exception was never retrieved
future: <Task finished coro=<connect.<locals>._() done, defined at /gpfs/exfel/data/scratch/roscar/work/midtools/midtools/.venv/lib64/python3.6/site-packages/distributed/comm/core.py:279> exception=CommClosedError()>
Traceback (most recent call last):
  File "/gpfs/exfel/data/scratch/roscar/work/midtools/midtools/.venv/lib64/python3.6/site-packages/distributed/comm/core.py", line 288, in _
    handshake = await asyncio.wait_for(comm.read(), 1)
  File "/usr/lib64/python3.6/asyncio/tasks.py", line 351, in wait_for
    yield from waiter
concurrent.futures._base.CancelledError

During handling of the above exception, another exception occurred:

Traceback (most recent call last):
  File "/gpfs/exfel/data/scratch/roscar/work/midtools/midtools/.venv/lib64/python3.6/site-packages/distributed/comm/core.py", line 295, in _
    raise CommClosedError()
distributed.comm.core.CommClosedError
distributed.worker - INFO - Waiting to connect to:   tcp://10.255.32.50:45827
distributed.worker - INFO - Waiting to connect to:   tcp://10.255.32.50:45827
Task exception was never retrieved
future: <Task finished coro=<connect.<locals>._() done, defined at /gpfs/exfel/data/scratch/roscar/work/midtools/midtools/.venv/lib64/python3.6/site-packages/distributed/comm/core.py:279> exception=CommClosedError()>
Traceback (most recent call last):
  File "/gpfs/exfel/data/scratch/roscar/work/midtools/midtools/.venv/lib64/python3.6/site-packages/distributed/comm/core.py", line 288, in _
    handshake = await asyncio.wait_for(comm.read(), 1)
  File "/usr/lib64/python3.6/asyncio/tasks.py", line 351, in wait_for
    yield from waiter
concurrent.futures._base.CancelledError

During handling of the above exception, another exception occurred:

Traceback (most recent call last):
  File "/gpfs/exfel/data/scratch/roscar/work/midtools/midtools/.venv/lib64/python3.6/site-packages/distributed/comm/core.py", line 295, in _
    raise CommClosedError()
distributed.comm.core.CommClosedError
Task exception was never retrieved
future: <Task finished coro=<connect.<locals>._() done, defined at /gpfs/exfel/data/scratch/roscar/work/midtools/midtools/.venv/lib64/python3.6/site-packages/distributed/comm/core.py:279> exception=CommClosedError()>
Traceback (most recent call last):
  File "/gpfs/exfel/data/scratch/roscar/work/midtools/midtools/.venv/lib64/python3.6/site-packages/distributed/comm/core.py", line 288, in _
    handshake = await asyncio.wait_for(comm.read(), 1)
  File "/usr/lib64/python3.6/asyncio/tasks.py", line 351, in wait_for
    yield from waiter
concurrent.futures._base.CancelledError

During handling of the above exception, another exception occurred:

Traceback (most recent call last):
  File "/gpfs/exfel/data/scratch/roscar/work/midtools/midtools/.venv/lib64/python3.6/site-packages/distributed/comm/core.py", line 295, in _
    raise CommClosedError()
distributed.comm.core.CommClosedError
distributed.worker - INFO - Waiting to connect to:   tcp://10.255.32.50:45827
Task exception was never retrieved
future: <Task finished coro=<connect.<locals>._() done, defined at /gpfs/exfel/data/scratch/roscar/work/midtools/midtools/.venv/lib64/python3.6/site-packages/distributed/comm/core.py:279> exception=CommClosedError()>
Traceback (most recent call last):
  File "/gpfs/exfel/data/scratch/roscar/work/midtools/midtools/.venv/lib64/python3.6/site-packages/distributed/comm/core.py", line 288, in _
    handshake = await asyncio.wait_for(comm.read(), 1)
  File "/usr/lib64/python3.6/asyncio/tasks.py", line 351, in wait_for
    yield from waiter
concurrent.futures._base.CancelledError

During handling of the above exception, another exception occurred:

Traceback (most recent call last):
  File "/gpfs/exfel/data/scratch/roscar/work/midtools/midtools/.venv/lib64/python3.6/site-packages/distributed/comm/core.py", line 295, in _
    raise CommClosedError()
distributed.comm.core.CommClosedError
distributed.worker - INFO - Waiting to connect to:   tcp://10.255.32.50:45827
Task exception was never retrieved
future: <Task finished coro=<connect.<locals>._() done, defined at /gpfs/exfel/data/scratch/roscar/work/midtools/midtools/.venv/lib64/python3.6/site-packages/distributed/comm/core.py:279> exception=CommClosedError()>
Traceback (most recent call last):
  File "/gpfs/exfel/data/scratch/roscar/work/midtools/midtools/.venv/lib64/python3.6/site-packages/distributed/comm/core.py", line 288, in _
    handshake = await asyncio.wait_for(comm.read(), 1)
  File "/usr/lib64/python3.6/asyncio/tasks.py", line 351, in wait_for
    yield from waiter
concurrent.futures._base.CancelledError

During handling of the above exception, another exception occurred:

Traceback (most recent call last):
  File "/gpfs/exfel/data/scratch/roscar/work/midtools/midtools/.venv/lib64/python3.6/site-packages/distributed/comm/core.py", line 295, in _
    raise CommClosedError()
distributed.comm.core.CommClosedError
distributed.worker - INFO - Waiting to connect to:   tcp://10.255.32.50:45827
distributed.worker - INFO - Waiting to connect to:   tcp://10.255.32.50:45827
Task exception was never retrieved
future: <Task finished coro=<connect.<locals>._() done, defined at /gpfs/exfel/data/scratch/roscar/work/midtools/midtools/.venv/lib64/python3.6/site-packages/distributed/comm/core.py:279> exception=CommClosedError()>
Traceback (most recent call last):
  File "/gpfs/exfel/data/scratch/roscar/work/midtools/midtools/.venv/lib64/python3.6/site-packages/distributed/comm/core.py", line 288, in _
    handshake = await asyncio.wait_for(comm.read(), 1)
  File "/usr/lib64/python3.6/asyncio/tasks.py", line 351, in wait_for
    yield from waiter
concurrent.futures._base.CancelledError

During handling of the above exception, another exception occurred:

Traceback (most recent call last):
  File "/gpfs/exfel/data/scratch/roscar/work/midtools/midtools/.venv/lib64/python3.6/site-packages/distributed/comm/core.py", line 295, in _
    raise CommClosedError()
distributed.comm.core.CommClosedError
Task exception was never retrieved
future: <Task finished coro=<connect.<locals>._() done, defined at /gpfs/exfel/data/scratch/roscar/work/midtools/midtools/.venv/lib64/python3.6/site-packages/distributed/comm/core.py:279> exception=CommClosedError()>
Traceback (most recent call last):
  File "/gpfs/exfel/data/scratch/roscar/work/midtools/midtools/.venv/lib64/python3.6/site-packages/distributed/comm/core.py", line 288, in _
    handshake = await asyncio.wait_for(comm.read(), 1)
  File "/usr/lib64/python3.6/asyncio/tasks.py", line 351, in wait_for
    yield from waiter
concurrent.futures._base.CancelledError

During handling of the above exception, another exception occurred:

Traceback (most recent call last):
  File "/gpfs/exfel/data/scratch/roscar/work/midtools/midtools/.venv/lib64/python3.6/site-packages/distributed/comm/core.py", line 295, in _
    raise CommClosedError()
distributed.comm.core.CommClosedError
distributed.worker - INFO - Waiting to connect to:   tcp://10.255.32.50:45827
Task exception was never retrieved
future: <Task finished coro=<connect.<locals>._() done, defined at /gpfs/exfel/data/scratch/roscar/work/midtools/midtools/.venv/lib64/python3.6/site-packages/distributed/comm/core.py:279> exception=CommClosedError()>
Traceback (most recent call last):
  File "/gpfs/exfel/data/scratch/roscar/work/midtools/midtools/.venv/lib64/python3.6/site-packages/distributed/comm/core.py", line 288, in _
    handshake = await asyncio.wait_for(comm.read(), 1)
  File "/usr/lib64/python3.6/asyncio/tasks.py", line 351, in wait_for
    yield from waiter
concurrent.futures._base.CancelledError

During handling of the above exception, another exception occurred:

Traceback (most recent call last):
  File "/gpfs/exfel/data/scratch/roscar/work/midtools/midtools/.venv/lib64/python3.6/site-packages/distributed/comm/core.py", line 295, in _
    raise CommClosedError()
distributed.comm.core.CommClosedError
distributed.worker - INFO - Waiting to connect to:   tcp://10.255.32.50:45827
Task exception was never retrieved
future: <Task finished coro=<connect.<locals>._() done, defined at /gpfs/exfel/data/scratch/roscar/work/midtools/midtools/.venv/lib64/python3.6/site-packages/distributed/comm/core.py:279> exception=CommClosedError()>
Traceback (most recent call last):
  File "/gpfs/exfel/data/scratch/roscar/work/midtools/midtools/.venv/lib64/python3.6/site-packages/distributed/comm/core.py", line 288, in _
    handshake = await asyncio.wait_for(comm.read(), 1)
  File "/usr/lib64/python3.6/asyncio/tasks.py", line 351, in wait_for
    yield from waiter
concurrent.futures._base.CancelledError

During handling of the above exception, another exception occurred:

Traceback (most recent call last):
  File "/gpfs/exfel/data/scratch/roscar/work/midtools/midtools/.venv/lib64/python3.6/site-packages/distributed/comm/core.py", line 295, in _
    raise CommClosedError()
distributed.comm.core.CommClosedError
distributed.worker - INFO - Waiting to connect to:   tcp://10.255.32.50:45827
Task exception was never retrieved
future: <Task finished coro=<connect.<locals>._() done, defined at /gpfs/exfel/data/scratch/roscar/work/midtools/midtools/.venv/lib64/python3.6/site-packages/distributed/comm/core.py:279> exception=CommClosedError()>
Traceback (most recent call last):
  File "/gpfs/exfel/data/scratch/roscar/work/midtools/midtools/.venv/lib64/python3.6/site-packages/distributed/comm/core.py", line 288, in _
    handshake = await asyncio.wait_for(comm.read(), 1)
  File "/usr/lib64/python3.6/asyncio/tasks.py", line 351, in wait_for
    yield from waiter
concurrent.futures._base.CancelledError

During handling of the above exception, another exception occurred:

Traceback (most recent call last):
  File "/gpfs/exfel/data/scratch/roscar/work/midtools/midtools/.venv/lib64/python3.6/site-packages/distributed/comm/core.py", line 295, in _
    raise CommClosedError()
distributed.comm.core.CommClosedError
distributed.worker - INFO - Waiting to connect to:   tcp://10.255.32.50:45827
Task exception was never retrieved
future: <Task finished coro=<connect.<locals>._() done, defined at /gpfs/exfel/data/scratch/roscar/work/midtools/midtools/.venv/lib64/python3.6/site-packages/distributed/comm/core.py:279> exception=CommClosedError()>
Traceback (most recent call last):
  File "/gpfs/exfel/data/scratch/roscar/work/midtools/midtools/.venv/lib64/python3.6/site-packages/distributed/comm/core.py", line 288, in _
    handshake = await asyncio.wait_for(comm.read(), 1)
  File "/usr/lib64/python3.6/asyncio/tasks.py", line 351, in wait_for
    yield from waiter
concurrent.futures._base.CancelledError

During handling of the above exception, another exception occurred:

Traceback (most recent call last):
  File "/gpfs/exfel/data/scratch/roscar/work/midtools/midtools/.venv/lib64/python3.6/site-packages/distributed/comm/core.py", line 295, in _
    raise CommClosedError()
distributed.comm.core.CommClosedError
distributed.worker - INFO - Waiting to connect to:   tcp://10.255.32.50:45827
Task exception was never retrieved
future: <Task finished coro=<connect.<locals>._() done, defined at /gpfs/exfel/data/scratch/roscar/work/midtools/midtools/.venv/lib64/python3.6/site-packages/distributed/comm/core.py:279> exception=CommClosedError()>
Traceback (most recent call last):
  File "/gpfs/exfel/data/scratch/roscar/work/midtools/midtools/.venv/lib64/python3.6/site-packages/distributed/comm/core.py", line 288, in _
    handshake = await asyncio.wait_for(comm.read(), 1)
  File "/usr/lib64/python3.6/asyncio/tasks.py", line 351, in wait_for
    yield from waiter
concurrent.futures._base.CancelledError

During handling of the above exception, another exception occurred:

Traceback (most recent call last):
  File "/gpfs/exfel/data/scratch/roscar/work/midtools/midtools/.venv/lib64/python3.6/site-packages/distributed/comm/core.py", line 295, in _
    raise CommClosedError()
distributed.comm.core.CommClosedError
distributed.worker - INFO - Waiting to connect to:   tcp://10.255.32.50:45827
Task exception was never retrieved
future: <Task finished coro=<connect.<locals>._() done, defined at /gpfs/exfel/data/scratch/roscar/work/midtools/midtools/.venv/lib64/python3.6/site-packages/distributed/comm/core.py:279> exception=CommClosedError()>
Traceback (most recent call last):
  File "/gpfs/exfel/data/scratch/roscar/work/midtools/midtools/.venv/lib64/python3.6/site-packages/distributed/comm/core.py", line 288, in _
    handshake = await asyncio.wait_for(comm.read(), 1)
  File "/usr/lib64/python3.6/asyncio/tasks.py", line 351, in wait_for
    yield from waiter
concurrent.futures._base.CancelledError

During handling of the above exception, another exception occurred:

Traceback (most recent call last):
  File "/gpfs/exfel/data/scratch/roscar/work/midtools/midtools/.venv/lib64/python3.6/site-packages/distributed/comm/core.py", line 295, in _
    raise CommClosedError()
distributed.comm.core.CommClosedError
distributed.worker - INFO - Waiting to connect to:   tcp://10.255.32.50:45827
distributed.worker - INFO - Waiting to connect to:   tcp://10.255.32.50:45827
Task exception was never retrieved
future: <Task finished coro=<connect.<locals>._() done, defined at /gpfs/exfel/data/scratch/roscar/work/midtools/midtools/.venv/lib64/python3.6/site-packages/distributed/comm/core.py:279> exception=CommClosedError()>
Traceback (most recent call last):
  File "/gpfs/exfel/data/scratch/roscar/work/midtools/midtools/.venv/lib64/python3.6/site-packages/distributed/comm/core.py", line 288, in _
    handshake = await asyncio.wait_for(comm.read(), 1)
  File "/usr/lib64/python3.6/asyncio/tasks.py", line 351, in wait_for
    yield from waiter
concurrent.futures._base.CancelledError

During handling of the above exception, another exception occurred:

Traceback (most recent call last):
  File "/gpfs/exfel/data/scratch/roscar/work/midtools/midtools/.venv/lib64/python3.6/site-packages/distributed/comm/core.py", line 295, in _
    raise CommClosedError()
distributed.comm.core.CommClosedError
Task exception was never retrieved
future: <Task finished coro=<connect.<locals>._() done, defined at /gpfs/exfel/data/scratch/roscar/work/midtools/midtools/.venv/lib64/python3.6/site-packages/distributed/comm/core.py:279> exception=CommClosedError()>
Traceback (most recent call last):
  File "/gpfs/exfel/data/scratch/roscar/work/midtools/midtools/.venv/lib64/python3.6/site-packages/distributed/comm/core.py", line 288, in _
    handshake = await asyncio.wait_for(comm.read(), 1)
  File "/usr/lib64/python3.6/asyncio/tasks.py", line 351, in wait_for
    yield from waiter
concurrent.futures._base.CancelledError

During handling of the above exception, another exception occurred:

Traceback (most recent call last):
  File "/gpfs/exfel/data/scratch/roscar/work/midtools/midtools/.venv/lib64/python3.6/site-packages/distributed/comm/core.py", line 295, in _
    raise CommClosedError()
distributed.comm.core.CommClosedError
distributed.worker - INFO - Waiting to connect to:   tcp://10.255.32.50:45827
Task exception was never retrieved
future: <Task finished coro=<connect.<locals>._() done, defined at /gpfs/exfel/data/scratch/roscar/work/midtools/midtools/.venv/lib64/python3.6/site-packages/distributed/comm/core.py:279> exception=CommClosedError()>
Traceback (most recent call last):
  File "/gpfs/exfel/data/scratch/roscar/work/midtools/midtools/.venv/lib64/python3.6/site-packages/distributed/comm/core.py", line 288, in _
    handshake = await asyncio.wait_for(comm.read(), 1)
  File "/usr/lib64/python3.6/asyncio/tasks.py", line 351, in wait_for
    yield from waiter
concurrent.futures._base.CancelledError

During handling of the above exception, another exception occurred:

Traceback (most recent call last):
  File "/gpfs/exfel/data/scratch/roscar/work/midtools/midtools/.venv/lib64/python3.6/site-packages/distributed/comm/core.py", line 295, in _
    raise CommClosedError()
distributed.comm.core.CommClosedError
distributed.worker - INFO - Waiting to connect to:   tcp://10.255.32.50:45827
Task exception was never retrieved
future: <Task finished coro=<connect.<locals>._() done, defined at /gpfs/exfel/data/scratch/roscar/work/midtools/midtools/.venv/lib64/python3.6/site-packages/distributed/comm/core.py:279> exception=CommClosedError()>
Traceback (most recent call last):
  File "/gpfs/exfel/data/scratch/roscar/work/midtools/midtools/.venv/lib64/python3.6/site-packages/distributed/comm/core.py", line 288, in _
    handshake = await asyncio.wait_for(comm.read(), 1)
  File "/usr/lib64/python3.6/asyncio/tasks.py", line 351, in wait_for
    yield from waiter
concurrent.futures._base.CancelledError

During handling of the above exception, another exception occurred:

Traceback (most recent call last):
  File "/gpfs/exfel/data/scratch/roscar/work/midtools/midtools/.venv/lib64/python3.6/site-packages/distributed/comm/core.py", line 295, in _
    raise CommClosedError()
distributed.comm.core.CommClosedError
distributed.worker - INFO - Waiting to connect to:   tcp://10.255.32.50:45827
distributed.worker - INFO - Waiting to connect to:   tcp://10.255.32.50:45827
Task exception was never retrieved
future: <Task finished coro=<connect.<locals>._() done, defined at /gpfs/exfel/data/scratch/roscar/work/midtools/midtools/.venv/lib64/python3.6/site-packages/distributed/comm/core.py:279> exception=CommClosedError()>
Traceback (most recent call last):
  File "/gpfs/exfel/data/scratch/roscar/work/midtools/midtools/.venv/lib64/python3.6/site-packages/distributed/comm/core.py", line 288, in _
    handshake = await asyncio.wait_for(comm.read(), 1)
  File "/usr/lib64/python3.6/asyncio/tasks.py", line 351, in wait_for
    yield from waiter
concurrent.futures._base.CancelledError

During handling of the above exception, another exception occurred:

Traceback (most recent call last):
  File "/gpfs/exfel/data/scratch/roscar/work/midtools/midtools/.venv/lib64/python3.6/site-packages/distributed/comm/core.py", line 295, in _
    raise CommClosedError()
distributed.comm.core.CommClosedError
Task exception was never retrieved
future: <Task finished coro=<connect.<locals>._() done, defined at /gpfs/exfel/data/scratch/roscar/work/midtools/midtools/.venv/lib64/python3.6/site-packages/distributed/comm/core.py:279> exception=CommClosedError()>
Traceback (most recent call last):
  File "/gpfs/exfel/data/scratch/roscar/work/midtools/midtools/.venv/lib64/python3.6/site-packages/distributed/comm/core.py", line 288, in _
    handshake = await asyncio.wait_for(comm.read(), 1)
  File "/usr/lib64/python3.6/asyncio/tasks.py", line 351, in wait_for
    yield from waiter
concurrent.futures._base.CancelledError

During handling of the above exception, another exception occurred:

Traceback (most recent call last):
  File "/gpfs/exfel/data/scratch/roscar/work/midtools/midtools/.venv/lib64/python3.6/site-packages/distributed/comm/core.py", line 295, in _
    raise CommClosedError()
distributed.comm.core.CommClosedError
distributed.worker - INFO - Waiting to connect to:   tcp://10.255.32.50:45827
Task exception was never retrieved
future: <Task finished coro=<connect.<locals>._() done, defined at /gpfs/exfel/data/scratch/roscar/work/midtools/midtools/.venv/lib64/python3.6/site-packages/distributed/comm/core.py:279> exception=CommClosedError()>
Traceback (most recent call last):
  File "/gpfs/exfel/data/scratch/roscar/work/midtools/midtools/.venv/lib64/python3.6/site-packages/distributed/comm/core.py", line 288, in _
    handshake = await asyncio.wait_for(comm.read(), 1)
  File "/usr/lib64/python3.6/asyncio/tasks.py", line 351, in wait_for
    yield from waiter
concurrent.futures._base.CancelledError

During handling of the above exception, another exception occurred:

Traceback (most recent call last):
  File "/gpfs/exfel/data/scratch/roscar/work/midtools/midtools/.venv/lib64/python3.6/site-packages/distributed/comm/core.py", line 295, in _
    raise CommClosedError()
distributed.comm.core.CommClosedError
distributed.worker - INFO - Waiting to connect to:   tcp://10.255.32.50:45827
Task exception was never retrieved
future: <Task finished coro=<connect.<locals>._() done, defined at /gpfs/exfel/data/scratch/roscar/work/midtools/midtools/.venv/lib64/python3.6/site-packages/distributed/comm/core.py:279> exception=CommClosedError()>
Traceback (most recent call last):
  File "/gpfs/exfel/data/scratch/roscar/work/midtools/midtools/.venv/lib64/python3.6/site-packages/distributed/comm/core.py", line 288, in _
    handshake = await asyncio.wait_for(comm.read(), 1)
  File "/usr/lib64/python3.6/asyncio/tasks.py", line 351, in wait_for
    yield from waiter
concurrent.futures._base.CancelledError

During handling of the above exception, another exception occurred:

Traceback (most recent call last):
  File "/gpfs/exfel/data/scratch/roscar/work/midtools/midtools/.venv/lib64/python3.6/site-packages/distributed/comm/core.py", line 295, in _
    raise CommClosedError()
distributed.comm.core.CommClosedError
distributed.worker - INFO -         Registered to:   tcp://10.255.32.50:45827
distributed.worker - INFO - -------------------------------------------------
distributed.core - INFO - Starting established connection
distributed.worker - INFO -         Registered to:   tcp://10.255.32.50:45827
distributed.worker - INFO - -------------------------------------------------
distributed.core - INFO - Starting established connection
distributed.worker - INFO -         Registered to:   tcp://10.255.32.50:45827
distributed.worker - INFO - -------------------------------------------------
distributed.core - INFO - Starting established connection
distributed.worker - INFO -         Registered to:   tcp://10.255.32.50:45827
distributed.worker - INFO - -------------------------------------------------
distributed.core - INFO - Starting established connection
distributed.core - INFO - Event loop was unresponsive in Worker for 3.09s.  This is often caused by long-running GIL-holding functions or moving large chunks of data. This can cause timeouts and instability.
distributed.core - INFO - Event loop was unresponsive in Worker for 3.09s.  This is often caused by long-running GIL-holding functions or moving large chunks of data. This can cause timeouts and instability.
distributed.core - INFO - Event loop was unresponsive in Worker for 3.23s.  This is often caused by long-running GIL-holding functions or moving large chunks of data. This can cause timeouts and instability.
distributed.core - INFO - Event loop was unresponsive in Worker for 4.12s.  This is often caused by long-running GIL-holding functions or moving large chunks of data. This can cause timeouts and instability.
distributed.core - INFO - Event loop was unresponsive in Worker for 4.17s.  This is often caused by long-running GIL-holding functions or moving large chunks of data. This can cause timeouts and instability.
Task exception was never retrieved
future: <Task finished coro=<connect.<locals>._() done, defined at /gpfs/exfel/data/scratch/roscar/work/midtools/midtools/.venv/lib64/python3.6/site-packages/distributed/comm/core.py:279> exception=CommClosedError()>
Traceback (most recent call last):
  File "/gpfs/exfel/data/scratch/roscar/work/midtools/midtools/.venv/lib64/python3.6/site-packages/distributed/comm/core.py", line 289, in _
    write = await asyncio.wait_for(comm.write(local_info), 1)
  File "/usr/lib64/python3.6/asyncio/tasks.py", line 351, in wait_for
    yield from waiter
concurrent.futures._base.CancelledError

During handling of the above exception, another exception occurred:

Traceback (most recent call last):
  File "/gpfs/exfel/data/scratch/roscar/work/midtools/midtools/.venv/lib64/python3.6/site-packages/distributed/comm/core.py", line 295, in _
    raise CommClosedError()
distributed.comm.core.CommClosedError
distributed.comm.tcp - INFO - Connection closed before handshake completed
Task exception was never retrieved
future: <Task finished coro=<connect.<locals>._() done, defined at /gpfs/exfel/data/scratch/roscar/work/midtools/midtools/.venv/lib64/python3.6/site-packages/distributed/comm/core.py:279> exception=CommClosedError()>
Traceback (most recent call last):
  File "/gpfs/exfel/data/scratch/roscar/work/midtools/midtools/.venv/lib64/python3.6/site-packages/distributed/comm/core.py", line 289, in _
    write = await asyncio.wait_for(comm.write(local_info), 1)
  File "/usr/lib64/python3.6/asyncio/tasks.py", line 351, in wait_for
    yield from waiter
concurrent.futures._base.CancelledError

During handling of the above exception, another exception occurred:

Traceback (most recent call last):
  File "/gpfs/exfel/data/scratch/roscar/work/midtools/midtools/.venv/lib64/python3.6/site-packages/distributed/comm/core.py", line 295, in _
    raise CommClosedError()
distributed.comm.core.CommClosedError
distributed.comm.tcp - INFO - Connection closed before handshake completed
distributed.worker - ERROR - Worker stream died during communication: tcp://10.255.33.199:45570
Traceback (most recent call last):
  File "/gpfs/exfel/data/scratch/roscar/work/midtools/midtools/.venv/lib64/python3.6/site-packages/distributed/comm/core.py", line 313, in connect
    _raise(error)
  File "/gpfs/exfel/data/scratch/roscar/work/midtools/midtools/.venv/lib64/python3.6/site-packages/distributed/comm/core.py", line 266, in _raise
    raise IOError(msg)
OSError: Timed out trying to connect to 'tcp://10.255.33.199:45570' after 10 s: connect() didn't finish in time

During handling of the above exception, another exception occurred:

Traceback (most recent call last):
  File "/gpfs/exfel/data/scratch/roscar/work/midtools/midtools/.venv/lib64/python3.6/site-packages/distributed/worker.py", line 1983, in gather_dep
    self.rpc, deps, worker, who=self.address
  File "/gpfs/exfel/data/scratch/roscar/work/midtools/midtools/.venv/lib64/python3.6/site-packages/distributed/worker.py", line 3258, in get_data_from_worker
    return await retry_operation(_get_data, operation="get_data_from_worker")
  File "/gpfs/exfel/data/scratch/roscar/work/midtools/midtools/.venv/lib64/python3.6/site-packages/distributed/utils_comm.py", line 390, in retry_operation
    operation=operation,
  File "/gpfs/exfel/data/scratch/roscar/work/midtools/midtools/.venv/lib64/python3.6/site-packages/distributed/utils_comm.py", line 370, in retry
    return await coro()
  File "/gpfs/exfel/data/scratch/roscar/work/midtools/midtools/.venv/lib64/python3.6/site-packages/distributed/worker.py", line 3235, in _get_data
    comm = await rpc.connect(worker)
  File "/gpfs/exfel/data/scratch/roscar/work/midtools/midtools/.venv/lib64/python3.6/site-packages/distributed/core.py", line 1035, in connect
    **self.connection_args,
  File "/gpfs/exfel/data/scratch/roscar/work/midtools/midtools/.venv/lib64/python3.6/site-packages/distributed/comm/core.py", line 325, in connect
    _raise(error)
  File "/gpfs/exfel/data/scratch/roscar/work/midtools/midtools/.venv/lib64/python3.6/site-packages/distributed/comm/core.py", line 266, in _raise
    raise IOError(msg)
OSError: Timed out trying to connect to 'tcp://10.255.33.199:45570' after 10 s: Timed out trying to connect to 'tcp://10.255.33.199:45570' after 10 s: connect() didn't finish in time
distributed.worker - INFO - Can't find dependencies for key ('array-getitem-concatenate-0e0c92c25dd9a0770944c6db34c62467', 0, 0, 0)
distributed.worker - INFO - Dependent not found: array-original-d05cff141658d5422dc1a0011f3ed118 0 .  Asking scheduler
distributed.worker - INFO - Dependent not found: array-original-b940567c9194b7dd08de64c8e1e7c6fe 0 .  Asking scheduler
distributed.worker - INFO - Can't find dependencies for key ('array-getitem-concatenate-b83d3e46ce85370eb504d140d87b0eb3', 2, 0, 0)
distributed.comm.tcp - INFO - Connection closed before handshake completed
distributed.core - INFO - Event loop was unresponsive in Worker for 6.91s.  This is often caused by long-running GIL-holding functions or moving large chunks of data. This can cause timeouts and instability.
Task exception was never retrieved
future: <Task finished coro=<connect.<locals>._() done, defined at /gpfs/exfel/data/scratch/roscar/work/midtools/midtools/.venv/lib64/python3.6/site-packages/distributed/comm/core.py:279> exception=CommClosedError()>
Traceback (most recent call last):
  File "/gpfs/exfel/data/scratch/roscar/work/midtools/midtools/.venv/lib64/python3.6/site-packages/distributed/comm/core.py", line 289, in _
    write = await asyncio.wait_for(comm.write(local_info), 1)
  File "/usr/lib64/python3.6/asyncio/tasks.py", line 351, in wait_for
    yield from waiter
concurrent.futures._base.CancelledError

During handling of the above exception, another exception occurred:

Traceback (most recent call last):
  File "/gpfs/exfel/data/scratch/roscar/work/midtools/midtools/.venv/lib64/python3.6/site-packages/distributed/comm/core.py", line 295, in _
    raise CommClosedError()
distributed.comm.core.CommClosedError
distributed.comm.tcp - INFO - Connection closed before handshake completed
distributed.worker - ERROR - Worker stream died during communication: tcp://10.255.33.199:45570
Traceback (most recent call last):
  File "/gpfs/exfel/data/scratch/roscar/work/midtools/midtools/.venv/lib64/python3.6/site-packages/distributed/comm/tcp.py", line 186, in read
    n_frames = await stream.read_bytes(8)
tornado.iostream.StreamClosedError: Stream is closed

The above exception was the direct cause of the following exception:

Traceback (most recent call last):
  File "/gpfs/exfel/data/scratch/roscar/work/midtools/midtools/.venv/lib64/python3.6/site-packages/distributed/worker.py", line 1983, in gather_dep
    self.rpc, deps, worker, who=self.address
  File "/gpfs/exfel/data/scratch/roscar/work/midtools/midtools/.venv/lib64/python3.6/site-packages/distributed/worker.py", line 3258, in get_data_from_worker
    return await retry_operation(_get_data, operation="get_data_from_worker")
  File "/gpfs/exfel/data/scratch/roscar/work/midtools/midtools/.venv/lib64/python3.6/site-packages/distributed/utils_comm.py", line 390, in retry_operation
    operation=operation,
  File "/gpfs/exfel/data/scratch/roscar/work/midtools/midtools/.venv/lib64/python3.6/site-packages/distributed/utils_comm.py", line 370, in retry
    return await coro()
  File "/gpfs/exfel/data/scratch/roscar/work/midtools/midtools/.venv/lib64/python3.6/site-packages/distributed/worker.py", line 3245, in _get_data
    max_connections=max_connections,
  File "/gpfs/exfel/data/scratch/roscar/work/midtools/midtools/.venv/lib64/python3.6/site-packages/distributed/core.py", line 666, in send_recv
    response = await comm.read(deserializers=deserializers)
  File "/gpfs/exfel/data/scratch/roscar/work/midtools/midtools/.venv/lib64/python3.6/site-packages/distributed/comm/tcp.py", line 201, in read
    convert_stream_closed_error(self, e)
  File "/gpfs/exfel/data/scratch/roscar/work/midtools/midtools/.venv/lib64/python3.6/site-packages/distributed/comm/tcp.py", line 125, in convert_stream_closed_error
    raise CommClosedError("in %s: %s" % (obj, exc)) from exc
distributed.comm.core.CommClosedError: in <closed TCP>: Stream is closed
distributed.worker - INFO - Can't find dependencies for key ('where-reshape-79bebf886569399c564255e55be3ad74', 3, 3)
distributed.worker - INFO - Dependent not found: ('reshape-614ac5575a97e6403508732e9379ce14', 3, 0, 0, 3) 0 .  Asking scheduler
distributed.core - INFO - Event loop was unresponsive in Worker for 7.01s.  This is often caused by long-running GIL-holding functions or moving large chunks of data. This can cause timeouts and instability.
distributed.comm.tcp - INFO - Connection closed before handshake completed
distributed.core - INFO - Event loop was unresponsive in Worker for 7.51s.  This is often caused by long-running GIL-holding functions or moving large chunks of data. This can cause timeouts and instability.
distributed.core - INFO - Event loop was unresponsive in Worker for 7.66s.  This is often caused by long-running GIL-holding functions or moving large chunks of data. This can cause timeouts and instability.
distributed.core - INFO - Event loop was unresponsive in Worker for 7.00s.  This is often caused by long-running GIL-holding functions or moving large chunks of data. This can cause timeouts and instability.
distributed.core - INFO - Event loop was unresponsive in Worker for 7.53s.  This is often caused by long-running GIL-holding functions or moving large chunks of data. This can cause timeouts and instability.
distributed.core - INFO - Event loop was unresponsive in Worker for 6.86s.  This is often caused by long-running GIL-holding functions or moving large chunks of data. This can cause timeouts and instability.
distributed.core - INFO - Event loop was unresponsive in Worker for 7.07s.  This is often caused by long-running GIL-holding functions or moving large chunks of data. This can cause timeouts and instability.
distributed.comm.tcp - INFO - Connection closed before handshake completed
distributed.comm.tcp - INFO - Connection closed before handshake completed
distributed.comm.tcp - INFO - Connection closed before handshake completed
distributed.comm.tcp - INFO - Connection closed before handshake completed
distributed.comm.tcp - INFO - Connection closed before handshake completed
distributed.comm.tcp - INFO - Connection closed before handshake completed
distributed.comm.tcp - INFO - Connection closed before handshake completed
distributed.comm.tcp - INFO - Connection closed before handshake completed
distributed.comm.tcp - INFO - Connection closed before handshake completed
distributed.comm.tcp - INFO - Connection closed before handshake completed
distributed.comm.tcp - INFO - Connection closed before handshake completed
distributed.comm.tcp - INFO - Connection closed before handshake completed
distributed.comm.tcp - INFO - Connection closed before handshake completed
distributed.comm.tcp - INFO - Connection closed before handshake completed
distributed.comm.tcp - INFO - Connection closed before handshake completed
distributed.comm.tcp - INFO - Connection closed before handshake completed
distributed.comm.tcp - INFO - Connection closed before handshake completed
distributed.comm.tcp - INFO - Connection closed before handshake completed
distributed.comm.tcp - INFO - Connection closed before handshake completed
distributed.comm.tcp - INFO - Connection closed before handshake completed
distributed.comm.tcp - INFO - Connection closed before handshake completed
distributed.comm.tcp - INFO - Connection closed before handshake completed
distributed.comm.tcp - INFO - Connection closed before handshake completed
distributed.comm.tcp - INFO - Connection closed before handshake completed
distributed.comm.tcp - INFO - Connection closed before handshake completed
distributed.comm.tcp - INFO - Connection closed before handshake completed
distributed.comm.tcp - INFO - Connection closed before handshake completed
distributed.comm.tcp - INFO - Connection closed before handshake completed
distributed.comm.tcp - INFO - Connection closed before handshake completed
distributed.comm.tcp - INFO - Connection closed before handshake completed
distributed.core - INFO - Event loop was unresponsive in Worker for 7.35s.  This is often caused by long-running GIL-holding functions or moving large chunks of data. This can cause timeouts and instability.
distributed.core - INFO - Event loop was unresponsive in Worker for 6.99s.  This is often caused by long-running GIL-holding functions or moving large chunks of data. This can cause timeouts and instability.
distributed.core - INFO - Event loop was unresponsive in Worker for 7.83s.  This is often caused by long-running GIL-holding functions or moving large chunks of data. This can cause timeouts and instability.
distributed.core - INFO - Event loop was unresponsive in Worker for 6.88s.  This is often caused by long-running GIL-holding functions or moving large chunks of data. This can cause timeouts and instability.
distributed.comm.tcp - INFO - Connection closed before handshake completed
distributed.comm.tcp - INFO - Connection closed before handshake completed
distributed.comm.tcp - INFO - Connection closed before handshake completed
distributed.comm.tcp - INFO - Connection closed before handshake completed
distributed.comm.tcp - INFO - Connection closed before handshake completed
distributed.comm.tcp - INFO - Connection closed before handshake completed
distributed.worker - INFO - Stopping worker at tcp://10.255.33.199:37837
distributed.worker - INFO - Stopping worker at tcp://10.255.33.199:45570
distributed.worker - INFO - Stopping worker at tcp://10.255.33.199:32835
distributed.worker - INFO - Stopping worker at tcp://10.255.33.199:38373
distributed.nanny - INFO - Worker closed
distributed.nanny - INFO - Worker closed
distributed.nanny - INFO - Worker closed
distributed.nanny - INFO - Worker closed
distributed.nanny - WARNING - Restarting worker
distributed.nanny - WARNING - Restarting worker
distributed.worker - INFO -       Start worker at:  tcp://10.255.33.199:39866
distributed.worker - INFO -          Listening to:  tcp://10.255.33.199:39866
distributed.worker - INFO -          dashboard at:        10.255.33.199:40898
distributed.worker - INFO - Waiting to connect to:   tcp://10.255.32.50:45827
distributed.worker - INFO - -------------------------------------------------
distributed.worker - INFO -       Start worker at:  tcp://10.255.33.199:38174
distributed.worker - INFO -          Listening to:  tcp://10.255.33.199:38174
distributed.worker - INFO -          dashboard at:        10.255.33.199:34358
distributed.worker - INFO - Waiting to connect to:   tcp://10.255.32.50:45827
distributed.worker - INFO -               Threads:                          1
distributed.worker - INFO - -------------------------------------------------
distributed.worker - INFO -                Memory:                  192.00 GB
distributed.worker - INFO -       Local Directory: /scratch/dask-worker-space/worker-ciuej59h
distributed.worker - INFO - -------------------------------------------------
distributed.worker - INFO -               Threads:                          1
distributed.worker - INFO -                Memory:                  192.00 GB
distributed.worker - INFO -       Start worker at:  tcp://10.255.33.199:46668
distributed.worker - INFO -       Local Directory: /scratch/dask-worker-space/worker-giukath6
distributed.worker - INFO -          Listening to:  tcp://10.255.33.199:46668
distributed.worker - INFO -          dashboard at:        10.255.33.199:43408
distributed.worker - INFO - Waiting to connect to:   tcp://10.255.32.50:45827
distributed.worker - INFO - -------------------------------------------------
distributed.worker - INFO - -------------------------------------------------
distributed.worker - INFO -               Threads:                          1
distributed.worker - INFO -                Memory:                  192.00 GB
distributed.worker - INFO -       Local Directory: /scratch/dask-worker-space/worker-u6mery5o
distributed.worker - INFO - -------------------------------------------------
distributed.worker - INFO -       Start worker at:  tcp://10.255.33.199:35804
distributed.worker - INFO -          Listening to:  tcp://10.255.33.199:35804
distributed.worker - INFO -          dashboard at:        10.255.33.199:39203
distributed.worker - INFO - Waiting to connect to:   tcp://10.255.32.50:45827
distributed.worker - INFO - -------------------------------------------------
distributed.worker - INFO -               Threads:                          1
distributed.worker - INFO -                Memory:                  192.00 GB
distributed.worker - INFO -       Local Directory: /scratch/dask-worker-space/worker-lb0fkkq2
distributed.worker - INFO - -------------------------------------------------
distributed.worker - INFO -         Registered to:   tcp://10.255.32.50:45827
distributed.worker - INFO - -------------------------------------------------
distributed.core - INFO - Starting established connection
distributed.worker - INFO -         Registered to:   tcp://10.255.32.50:45827
distributed.worker - INFO - -------------------------------------------------
distributed.core - INFO - Starting established connection
distributed.worker - INFO -         Registered to:   tcp://10.255.32.50:45827
distributed.worker - INFO - -------------------------------------------------
distributed.core - INFO - Starting established connection
distributed.worker - INFO -         Registered to:   tcp://10.255.32.50:45827
distributed.worker - INFO - -------------------------------------------------
distributed.core - INFO - Starting established connection
distributed.comm.tcp - INFO - Connection closed before handshake completed
distributed.comm.tcp - INFO - Connection closed before handshake completed
distributed.comm.tcp - INFO - Connection closed before handshake completed
distributed.worker - INFO - Stopping worker at tcp://10.255.33.199:38174
distributed.worker - INFO - Stopping worker at tcp://10.255.33.199:35804
distributed.worker - INFO - Stopping worker at tcp://10.255.33.199:46668
distributed.worker - INFO - Stopping worker at tcp://10.255.33.199:39866
distributed.nanny - INFO - Worker closed
distributed.nanny - INFO - Worker closed
distributed.nanny - INFO - Worker closed
distributed.nanny - INFO - Worker closed
distributed.worker - INFO -       Start worker at:  tcp://10.255.33.199:34444
distributed.worker - INFO -          Listening to:  tcp://10.255.33.199:34444
distributed.worker - INFO -          dashboard at:        10.255.33.199:40111
distributed.worker - INFO - Waiting to connect to:   tcp://10.255.32.50:45827
distributed.worker - INFO - -------------------------------------------------
distributed.worker - INFO -               Threads:                          1
distributed.worker - INFO -                Memory:                  192.00 GB
distributed.worker - INFO -       Local Directory: /scratch/dask-worker-space/worker-28b39p4w
distributed.worker - INFO - -------------------------------------------------
distributed.worker - INFO -       Start worker at:  tcp://10.255.33.199:43603
distributed.worker - INFO -          Listening to:  tcp://10.255.33.199:43603
distributed.worker - INFO -          dashboard at:        10.255.33.199:45141
distributed.worker - INFO - Waiting to connect to:   tcp://10.255.32.50:45827
distributed.worker - INFO - -------------------------------------------------
distributed.worker - INFO -               Threads:                          1
distributed.worker - INFO -                Memory:                  192.00 GB
distributed.worker - INFO -       Local Directory: /scratch/dask-worker-space/worker-alskc7aq
distributed.worker - INFO - -------------------------------------------------
distributed.worker - INFO -         Registered to:   tcp://10.255.32.50:45827
distributed.worker - INFO - -------------------------------------------------
distributed.core - INFO - Starting established connection
distributed.worker - INFO -         Registered to:   tcp://10.255.32.50:45827
distributed.worker - INFO - -------------------------------------------------
distributed.core - INFO - Starting established connection
distributed.worker - INFO -       Start worker at:  tcp://10.255.33.199:44095
distributed.worker - INFO -          Listening to:  tcp://10.255.33.199:44095
distributed.worker - INFO -          dashboard at:        10.255.33.199:39121
distributed.worker - INFO - Waiting to connect to:   tcp://10.255.32.50:45827
distributed.worker - INFO - -------------------------------------------------
distributed.worker - INFO -               Threads:                          1
distributed.worker - INFO -                Memory:                  192.00 GB
distributed.worker - INFO -       Local Directory: /scratch/dask-worker-space/worker-yy6huowm
distributed.worker - INFO - -------------------------------------------------
distributed.worker - INFO -       Start worker at:  tcp://10.255.33.199:36053
distributed.worker - INFO -          Listening to:  tcp://10.255.33.199:36053
distributed.worker - INFO -          dashboard at:        10.255.33.199:35010
distributed.worker - INFO - Waiting to connect to:   tcp://10.255.32.50:45827
distributed.worker - INFO - -------------------------------------------------
distributed.worker - INFO -               Threads:                          1
distributed.worker - INFO -                Memory:                  192.00 GB
distributed.worker - INFO -       Local Directory: /scratch/dask-worker-space/worker-56ybp7bq
distributed.worker - INFO - -------------------------------------------------
distributed.worker - INFO -         Registered to:   tcp://10.255.32.50:45827
distributed.worker - INFO - -------------------------------------------------
distributed.core - INFO - Starting established connection
distributed.worker - INFO -         Registered to:   tcp://10.255.32.50:45827
distributed.worker - INFO - -------------------------------------------------
distributed.core - INFO - Starting established connection
slurmstepd: error: *** JOB 5318276 ON max-exfl129 CANCELLED AT 2020-08-19T17:03:14 ***
distributed.dask_worker - INFO - Exiting on signal 15
distributed.nanny - INFO - Closing Nanny at 'tcp://10.255.33.199:40508'
distributed.nanny - INFO - Closing Nanny at 'tcp://10.255.33.199:35671'
distributed.nanny - INFO - Closing Nanny at 'tcp://10.255.33.199:42722'
distributed.nanny - INFO - Closing Nanny at 'tcp://10.255.33.199:33596'
distributed.nanny - INFO - Worker process 223179 was killed by signal 15
distributed.nanny - INFO - Worker process 223171 was killed by signal 15
distributed.nanny - INFO - Worker process 223168 was killed by signal 15
distributed.nanny - INFO - Worker process 223176 was killed by signal 15
